2024-04-26 17:05:10 â€” INFO â€” Running with edr=0.14.1
2024-04-26 17:05:10 â€” INFO â€” Installing packages for edr internal dbt package...
2024-04-26 17:05:10 â€” INFO â€” Running dbt --log-format json deps --project-dir /Users/edoardosezzi/Desktop/habacus/dwh-pipeline-dbt/venv-dbt/lib/python3.9/site-packages/elementary/monitor/dbt_project
2024-04-26 17:05:14 â€” DEBUG â€” Result bytes size for command '['dbt', '--log-format', 'json', 'deps', '--project-dir', '/Users/edoardosezzi/Desktop/habacus/dwh-pipeline-dbt/venv-dbt/lib/python3.9/site-packages/elementary/monitor/dbt_project']' is 3468
2024-04-26 17:05:14 â€” INFO â€” Running with dbt=1.7.11
2024-04-26 17:05:14 â€” INFO â€” Updating lock file in file path: /Users/edoardosezzi/Desktop/habacus/dwh-pipeline-dbt/venv-dbt/lib/python3.9/site-packages/elementary/monitor/dbt_project/package-lock.yml
2024-04-26 17:05:14 â€” INFO â€” Installing dbt-labs/dbt_utils
2024-04-26 17:05:14 â€” INFO â€” Installed from version 0.8.6
2024-04-26 17:05:14 â€” INFO â€” Updated version available: 1.1.1
2024-04-26 17:05:14 â€” INFO â€” Installing elementary-data/elementary
2024-04-26 17:05:14 â€” INFO â€” Installed from version 0.14.1
2024-04-26 17:05:14 â€” INFO â€” Up to date!
2024-04-26 17:05:14 â€” INFO â€” 
2024-04-26 17:05:14 â€” INFO â€” Updates available for packages: ['dbt-labs/dbt_utils']                 
Update your versions in packages.yml, then run dbt deps
2024-04-26 17:05:14 â€” DEBUG â€” Running dbt --log-format json run-operation elementary.log_macro_results --args {"macro_name": "elementary_cli.get_latest_invocation", "macro_args": {}} --project-dir /Users/edoardosezzi/Desktop/habacus/dwh-pipeline-dbt/venv-dbt/lib/python3.9/site-packages/elementary/monitor/dbt_project
[31;20m2024-04-26 17:05:16 â€” ERROR â€” Unable to get the latest invocation: Failed to run dbt command.
Encountered an error:
Runtime Error
  Credentials in profile "elementary", target "default" invalid: '<AUTH_METHOD>' is not one of ['oauth', 'service-account', 'service-account-json', 'oauth-secrets'][0m
2024-04-26 17:05:16 â€” DEBUG â€” Running dbt --log-format json run-operation elementary.log_macro_results --args {"macro_name": "elementary_cli.get_adapter_type_and_unique_id", "macro_args": {}} --project-dir /Users/edoardosezzi/Desktop/habacus/dwh-pipeline-dbt/venv-dbt/lib/python3.9/site-packages/elementary/monitor/dbt_project
2024-04-26 17:05:18 â€” DEBUG â€” Could not get warehouse info.
Traceback (most recent call last):
  File "/Users/edoardosezzi/Desktop/habacus/dwh-pipeline-dbt/venv-dbt/lib/python3.9/site-packages/elementary/clients/dbt/dbt_runner.py", line 88, in _run_command
    result = subprocess.run(
  File "/Library/Developer/CommandLineTools/Library/Frameworks/Python3.framework/Versions/3.9/lib/python3.9/subprocess.py", line 528, in run
    raise CalledProcessError(retcode, process.args,
subprocess.CalledProcessError: Command '['dbt', '--log-format', 'json', 'run-operation', 'elementary.log_macro_results', '--args', '{"macro_name": "elementary_cli.get_adapter_type_and_unique_id", "macro_args": {}}', '--project-dir', '/Users/edoardosezzi/Desktop/habacus/dwh-pipeline-dbt/venv-dbt/lib/python3.9/site-packages/elementary/monitor/dbt_project']' returned non-zero exit status 2.

During handling of the above exception, another exception occurred:

Traceback (most recent call last):
  File "/Users/edoardosezzi/Desktop/habacus/dwh-pipeline-dbt/venv-dbt/lib/python3.9/site-packages/elementary/monitor/data_monitoring/data_monitoring.py", line 140, in _get_warehouse_info
    self.internal_dbt_runner.run_operation(
  File "/Users/edoardosezzi/Desktop/habacus/dwh-pipeline-dbt/venv-dbt/lib/python3.9/site-packages/elementary/clients/dbt/dbt_runner.py", line 160, in run_operation
    success, command_output = self._run_command(
  File "/Users/edoardosezzi/Desktop/habacus/dwh-pipeline-dbt/venv-dbt/lib/python3.9/site-packages/elementary/clients/dbt/dbt_runner.py", line 99, in _run_command
    raise DbtCommandError(err, command_args, logs=logs)
elementary.exceptions.exceptions.DbtCommandError: Failed to run dbt command.
Encountered an error:
Runtime Error
  Credentials in profile "elementary", target "default" invalid: '<AUTH_METHOD>' is not one of ['oauth', 'service-account', 'service-account-json', 'oauth-secrets']
2024-04-26 17:05:18 â€” DEBUG â€” Running dbt --log-format json run-operation elementary.log_macro_results --args {"macro_name": "elementary_cli.get_elementary_database_and_schema", "macro_args": {}} --project-dir /Users/edoardosezzi/Desktop/habacus/dwh-pipeline-dbt/venv-dbt/lib/python3.9/site-packages/elementary/monitor/dbt_project
[31;20m2024-04-26 17:05:21 â€” ERROR â€” Failed to parse Elementary's database and schema.[0m
2024-04-26 17:05:21 â€” INFO â€” Running dbt --log-format json run-operation elementary.log_macro_results --args {"macro_name": "elementary_cli.get_test_results", "macro_args": {"days_back": 7, "invocations_per_test": 720, "disable_passed_test_metrics": false}} --project-dir /Users/edoardosezzi/Desktop/habacus/dwh-pipeline-dbt/venv-dbt/lib/python3.9/site-packages/elementary/monitor/dbt_project
[31;20m2024-04-26 17:05:23 â€” ERROR â€” Could not generate the report - Error: Failed to run dbt command.
Encountered an error:
Runtime Error
  Credentials in profile "elementary", target "default" invalid: '<AUTH_METHOD>' is not one of ['oauth', 'service-account', 'service-account-json', 'oauth-secrets']
Please reach out to our community for help with this issue.[0m
Traceback (most recent call last):
  File "/Users/edoardosezzi/Desktop/habacus/dwh-pipeline-dbt/venv-dbt/lib/python3.9/site-packages/elementary/clients/dbt/dbt_runner.py", line 88, in _run_command
    result = subprocess.run(
  File "/Library/Developer/CommandLineTools/Library/Frameworks/Python3.framework/Versions/3.9/lib/python3.9/subprocess.py", line 528, in run
    raise CalledProcessError(retcode, process.args,
subprocess.CalledProcessError: Command '['dbt', '--log-format', 'json', 'run-operation', 'elementary.log_macro_results', '--args', '{"macro_name": "elementary_cli.get_test_results", "macro_args": {"days_back": 7, "invocations_per_test": 720, "disable_passed_test_metrics": false}}', '--project-dir', '/Users/edoardosezzi/Desktop/habacus/dwh-pipeline-dbt/venv-dbt/lib/python3.9/site-packages/elementary/monitor/dbt_project']' returned non-zero exit status 2.

During handling of the above exception, another exception occurred:

Traceback (most recent call last):
  File "/Users/edoardosezzi/Desktop/habacus/dwh-pipeline-dbt/venv-dbt/lib/python3.9/site-packages/elementary/monitor/api/report/report.py", line 50, in get_report_data
    tests_api = TestsAPI(
  File "/Users/edoardosezzi/Desktop/habacus/dwh-pipeline-dbt/venv-dbt/lib/python3.9/site-packages/elementary/monitor/api/tests/tests.py", line 39, in __init__
    self.test_results_db_rows = self._get_test_results_db_rows(
  File "/Users/edoardosezzi/Desktop/habacus/dwh-pipeline-dbt/venv-dbt/lib/python3.9/site-packages/elementary/monitor/api/tests/tests.py", line 51, in _get_test_results_db_rows
    return self.tests_fetcher.get_all_test_results_db_rows(
  File "/Users/edoardosezzi/Desktop/habacus/dwh-pipeline-dbt/venv-dbt/lib/python3.9/site-packages/elementary/monitor/fetchers/tests/tests.py", line 22, in get_all_test_results_db_rows
    run_operation_response = self.dbt_runner.run_operation(
  File "/Users/edoardosezzi/Desktop/habacus/dwh-pipeline-dbt/venv-dbt/lib/python3.9/site-packages/elementary/clients/dbt/dbt_runner.py", line 160, in run_operation
    success, command_output = self._run_command(
  File "/Users/edoardosezzi/Desktop/habacus/dwh-pipeline-dbt/venv-dbt/lib/python3.9/site-packages/elementary/clients/dbt/dbt_runner.py", line 99, in _run_command
    raise DbtCommandError(err, command_args, logs=logs)
elementary.exceptions.exceptions.DbtCommandError: Failed to run dbt command.
Encountered an error:
Runtime Error
  Credentials in profile "elementary", target "default" invalid: '<AUTH_METHOD>' is not one of ['oauth', 'service-account', 'service-account-json', 'oauth-secrets']
2024-04-26 17:06:15 â€” INFO â€” Running with edr=0.14.1
2024-04-26 17:06:15 â€” DEBUG â€” Running dbt --log-format json run-operation elementary.log_macro_results --args {"macro_name": "elementary_cli.get_latest_invocation", "macro_args": {}} --project-dir /Users/edoardosezzi/Desktop/habacus/dwh-pipeline-dbt/venv-dbt/lib/python3.9/site-packages/elementary/monitor/dbt_project
[31;20m2024-04-26 17:06:17 â€” ERROR â€” Unable to get the latest invocation: Failed to run dbt command.
Encountered an error:
Runtime Error
  Credentials in profile "elementary", target "default" invalid: Runtime Error
    Must specify authentication method[0m
2024-04-26 17:06:17 â€” DEBUG â€” Running dbt --log-format json run-operation elementary.log_macro_results --args {"macro_name": "elementary_cli.get_adapter_type_and_unique_id", "macro_args": {}} --project-dir /Users/edoardosezzi/Desktop/habacus/dwh-pipeline-dbt/venv-dbt/lib/python3.9/site-packages/elementary/monitor/dbt_project
2024-04-26 17:06:19 â€” DEBUG â€” Could not get warehouse info.
Traceback (most recent call last):
  File "/Users/edoardosezzi/Desktop/habacus/dwh-pipeline-dbt/venv-dbt/lib/python3.9/site-packages/elementary/clients/dbt/dbt_runner.py", line 88, in _run_command
    result = subprocess.run(
  File "/Library/Developer/CommandLineTools/Library/Frameworks/Python3.framework/Versions/3.9/lib/python3.9/subprocess.py", line 528, in run
    raise CalledProcessError(retcode, process.args,
subprocess.CalledProcessError: Command '['dbt', '--log-format', 'json', 'run-operation', 'elementary.log_macro_results', '--args', '{"macro_name": "elementary_cli.get_adapter_type_and_unique_id", "macro_args": {}}', '--project-dir', '/Users/edoardosezzi/Desktop/habacus/dwh-pipeline-dbt/venv-dbt/lib/python3.9/site-packages/elementary/monitor/dbt_project']' returned non-zero exit status 2.

During handling of the above exception, another exception occurred:

Traceback (most recent call last):
  File "/Users/edoardosezzi/Desktop/habacus/dwh-pipeline-dbt/venv-dbt/lib/python3.9/site-packages/elementary/monitor/data_monitoring/data_monitoring.py", line 140, in _get_warehouse_info
    self.internal_dbt_runner.run_operation(
  File "/Users/edoardosezzi/Desktop/habacus/dwh-pipeline-dbt/venv-dbt/lib/python3.9/site-packages/elementary/clients/dbt/dbt_runner.py", line 160, in run_operation
    success, command_output = self._run_command(
  File "/Users/edoardosezzi/Desktop/habacus/dwh-pipeline-dbt/venv-dbt/lib/python3.9/site-packages/elementary/clients/dbt/dbt_runner.py", line 99, in _run_command
    raise DbtCommandError(err, command_args, logs=logs)
elementary.exceptions.exceptions.DbtCommandError: Failed to run dbt command.
Encountered an error:
Runtime Error
  Credentials in profile "elementary", target "default" invalid: Runtime Error
    Must specify authentication method
2024-04-26 17:06:19 â€” DEBUG â€” Running dbt --log-format json run-operation elementary.log_macro_results --args {"macro_name": "elementary_cli.get_elementary_database_and_schema", "macro_args": {}} --project-dir /Users/edoardosezzi/Desktop/habacus/dwh-pipeline-dbt/venv-dbt/lib/python3.9/site-packages/elementary/monitor/dbt_project
[31;20m2024-04-26 17:06:21 â€” ERROR â€” Failed to parse Elementary's database and schema.[0m
2024-04-26 17:06:21 â€” INFO â€” Running dbt --log-format json run-operation elementary.log_macro_results --args {"macro_name": "elementary_cli.get_test_results", "macro_args": {"days_back": 7, "invocations_per_test": 720, "disable_passed_test_metrics": false}} --project-dir /Users/edoardosezzi/Desktop/habacus/dwh-pipeline-dbt/venv-dbt/lib/python3.9/site-packages/elementary/monitor/dbt_project
[31;20m2024-04-26 17:06:23 â€” ERROR â€” Could not generate the report - Error: Failed to run dbt command.
Encountered an error:
Runtime Error
  Credentials in profile "elementary", target "default" invalid: Runtime Error
    Must specify authentication method
Please reach out to our community for help with this issue.[0m
Traceback (most recent call last):
  File "/Users/edoardosezzi/Desktop/habacus/dwh-pipeline-dbt/venv-dbt/lib/python3.9/site-packages/elementary/clients/dbt/dbt_runner.py", line 88, in _run_command
    result = subprocess.run(
  File "/Library/Developer/CommandLineTools/Library/Frameworks/Python3.framework/Versions/3.9/lib/python3.9/subprocess.py", line 528, in run
    raise CalledProcessError(retcode, process.args,
subprocess.CalledProcessError: Command '['dbt', '--log-format', 'json', 'run-operation', 'elementary.log_macro_results', '--args', '{"macro_name": "elementary_cli.get_test_results", "macro_args": {"days_back": 7, "invocations_per_test": 720, "disable_passed_test_metrics": false}}', '--project-dir', '/Users/edoardosezzi/Desktop/habacus/dwh-pipeline-dbt/venv-dbt/lib/python3.9/site-packages/elementary/monitor/dbt_project']' returned non-zero exit status 2.

During handling of the above exception, another exception occurred:

Traceback (most recent call last):
  File "/Users/edoardosezzi/Desktop/habacus/dwh-pipeline-dbt/venv-dbt/lib/python3.9/site-packages/elementary/monitor/api/report/report.py", line 50, in get_report_data
    tests_api = TestsAPI(
  File "/Users/edoardosezzi/Desktop/habacus/dwh-pipeline-dbt/venv-dbt/lib/python3.9/site-packages/elementary/monitor/api/tests/tests.py", line 39, in __init__
    self.test_results_db_rows = self._get_test_results_db_rows(
  File "/Users/edoardosezzi/Desktop/habacus/dwh-pipeline-dbt/venv-dbt/lib/python3.9/site-packages/elementary/monitor/api/tests/tests.py", line 51, in _get_test_results_db_rows
    return self.tests_fetcher.get_all_test_results_db_rows(
  File "/Users/edoardosezzi/Desktop/habacus/dwh-pipeline-dbt/venv-dbt/lib/python3.9/site-packages/elementary/monitor/fetchers/tests/tests.py", line 22, in get_all_test_results_db_rows
    run_operation_response = self.dbt_runner.run_operation(
  File "/Users/edoardosezzi/Desktop/habacus/dwh-pipeline-dbt/venv-dbt/lib/python3.9/site-packages/elementary/clients/dbt/dbt_runner.py", line 160, in run_operation
    success, command_output = self._run_command(
  File "/Users/edoardosezzi/Desktop/habacus/dwh-pipeline-dbt/venv-dbt/lib/python3.9/site-packages/elementary/clients/dbt/dbt_runner.py", line 99, in _run_command
    raise DbtCommandError(err, command_args, logs=logs)
elementary.exceptions.exceptions.DbtCommandError: Failed to run dbt command.
Encountered an error:
Runtime Error
  Credentials in profile "elementary", target "default" invalid: Runtime Error
    Must specify authentication method
2024-04-26 17:07:00 â€” INFO â€” Running with edr=0.14.1
2024-04-26 17:07:00 â€” DEBUG â€” Running dbt --log-format json run-operation elementary.log_macro_results --args {"macro_name": "elementary_cli.get_latest_invocation", "macro_args": {}} --project-dir /Users/edoardosezzi/Desktop/habacus/dwh-pipeline-dbt/venv-dbt/lib/python3.9/site-packages/elementary/monitor/dbt_project
2024-04-26 17:07:06 â€” DEBUG â€” Result bytes size for command '['dbt', '--log-format', 'json', 'run-operation', 'elementary.log_macro_results', '--args', '{"macro_name": "elementary_cli.get_latest_invocation", "macro_args": {}}', '--project-dir', '/Users/edoardosezzi/Desktop/habacus/dwh-pipeline-dbt/venv-dbt/lib/python3.9/site-packages/elementary/monitor/dbt_project']' is 2214
2024-04-26 17:07:06 â€” DEBUG â€” Running dbt --log-format json run-operation elementary.log_macro_results --args {"macro_name": "elementary_cli.get_adapter_type_and_unique_id", "macro_args": {}} --project-dir /Users/edoardosezzi/Desktop/habacus/dwh-pipeline-dbt/venv-dbt/lib/python3.9/site-packages/elementary/monitor/dbt_project
2024-04-26 17:07:08 â€” DEBUG â€” Result bytes size for command '['dbt', '--log-format', 'json', 'run-operation', 'elementary.log_macro_results', '--args', '{"macro_name": "elementary_cli.get_adapter_type_and_unique_id", "macro_args": {}}', '--project-dir', '/Users/edoardosezzi/Desktop/habacus/dwh-pipeline-dbt/venv-dbt/lib/python3.9/site-packages/elementary/monitor/dbt_project']' is 1899
2024-04-26 17:07:08 â€” DEBUG â€” Running dbt --log-format json run-operation elementary.log_macro_results --args {"macro_name": "elementary_cli.get_elementary_database_and_schema", "macro_args": {}} --project-dir /Users/edoardosezzi/Desktop/habacus/dwh-pipeline-dbt/venv-dbt/lib/python3.9/site-packages/elementary/monitor/dbt_project
2024-04-26 17:07:10 â€” DEBUG â€” Result bytes size for command '['dbt', '--log-format', 'json', 'run-operation', 'elementary.log_macro_results', '--args', '{"macro_name": "elementary_cli.get_elementary_database_and_schema", "macro_args": {}}', '--project-dir', '/Users/edoardosezzi/Desktop/habacus/dwh-pipeline-dbt/venv-dbt/lib/python3.9/site-packages/elementary/monitor/dbt_project']' is 1899
2024-04-26 17:07:10 â€” INFO â€” Elementary's database and schema: '"habacus-dwh-prod-eu-001.habacus_curated"'
2024-04-26 17:07:10 â€” INFO â€” Running dbt --log-format json run-operation elementary.log_macro_results --args {"macro_name": "elementary_cli.get_test_results", "macro_args": {"days_back": 7, "invocations_per_test": 720, "disable_passed_test_metrics": false}} --project-dir /Users/edoardosezzi/Desktop/habacus/dwh-pipeline-dbt/venv-dbt/lib/python3.9/site-packages/elementary/monitor/dbt_project
[31;20m2024-04-26 17:07:13 â€” ERROR â€” Could not generate the report - Error: Failed to run dbt command.
Encountered an error while running operation: Runtime Error
  404 Not found: Table habacus-dwh-prod-eu-001:habacus_curated.dbt_models was not found in location europe-west1; reason: notFound, message: Not found: Table habacus-dwh-prod-eu-001:habacus_curated.dbt_models was not found in location europe-west1
  
  Location: europe-west1
  Job ID: aa26143c-e32c-4de3-bc44-cdbc028960e6
  
Please reach out to our community for help with this issue.[0m
Traceback (most recent call last):
  File "/Users/edoardosezzi/Desktop/habacus/dwh-pipeline-dbt/venv-dbt/lib/python3.9/site-packages/elementary/clients/dbt/dbt_runner.py", line 88, in _run_command
    result = subprocess.run(
  File "/Library/Developer/CommandLineTools/Library/Frameworks/Python3.framework/Versions/3.9/lib/python3.9/subprocess.py", line 528, in run
    raise CalledProcessError(retcode, process.args,
subprocess.CalledProcessError: Command '['dbt', '--log-format', 'json', 'run-operation', 'elementary.log_macro_results', '--args', '{"macro_name": "elementary_cli.get_test_results", "macro_args": {"days_back": 7, "invocations_per_test": 720, "disable_passed_test_metrics": false}}', '--project-dir', '/Users/edoardosezzi/Desktop/habacus/dwh-pipeline-dbt/venv-dbt/lib/python3.9/site-packages/elementary/monitor/dbt_project']' returned non-zero exit status 1.

During handling of the above exception, another exception occurred:

Traceback (most recent call last):
  File "/Users/edoardosezzi/Desktop/habacus/dwh-pipeline-dbt/venv-dbt/lib/python3.9/site-packages/elementary/monitor/api/report/report.py", line 50, in get_report_data
    tests_api = TestsAPI(
  File "/Users/edoardosezzi/Desktop/habacus/dwh-pipeline-dbt/venv-dbt/lib/python3.9/site-packages/elementary/monitor/api/tests/tests.py", line 39, in __init__
    self.test_results_db_rows = self._get_test_results_db_rows(
  File "/Users/edoardosezzi/Desktop/habacus/dwh-pipeline-dbt/venv-dbt/lib/python3.9/site-packages/elementary/monitor/api/tests/tests.py", line 51, in _get_test_results_db_rows
    return self.tests_fetcher.get_all_test_results_db_rows(
  File "/Users/edoardosezzi/Desktop/habacus/dwh-pipeline-dbt/venv-dbt/lib/python3.9/site-packages/elementary/monitor/fetchers/tests/tests.py", line 22, in get_all_test_results_db_rows
    run_operation_response = self.dbt_runner.run_operation(
  File "/Users/edoardosezzi/Desktop/habacus/dwh-pipeline-dbt/venv-dbt/lib/python3.9/site-packages/elementary/clients/dbt/dbt_runner.py", line 160, in run_operation
    success, command_output = self._run_command(
  File "/Users/edoardosezzi/Desktop/habacus/dwh-pipeline-dbt/venv-dbt/lib/python3.9/site-packages/elementary/clients/dbt/dbt_runner.py", line 99, in _run_command
    raise DbtCommandError(err, command_args, logs=logs)
elementary.exceptions.exceptions.DbtCommandError: Failed to run dbt command.
Encountered an error while running operation: Runtime Error
  404 Not found: Table habacus-dwh-prod-eu-001:habacus_curated.dbt_models was not found in location europe-west1; reason: notFound, message: Not found: Table habacus-dwh-prod-eu-001:habacus_curated.dbt_models was not found in location europe-west1
  
  Location: europe-west1
  Job ID: aa26143c-e32c-4de3-bc44-cdbc028960e6
  
2024-04-26 17:14:00 â€” INFO â€” Running with edr=0.14.1
2024-04-26 17:14:00 â€” DEBUG â€” Running dbt --log-format json run-operation elementary.log_macro_results --args {"macro_name": "elementary_cli.get_latest_invocation", "macro_args": {}} --project-dir /Users/edoardosezzi/Desktop/habacus/dwh-pipeline-dbt/venv-dbt/lib/python3.9/site-packages/elementary/monitor/dbt_project
2024-04-26 17:14:05 â€” DEBUG â€” Result bytes size for command '['dbt', '--log-format', 'json', 'run-operation', 'elementary.log_macro_results', '--args', '{"macro_name": "elementary_cli.get_latest_invocation", "macro_args": {}}', '--project-dir', '/Users/edoardosezzi/Desktop/habacus/dwh-pipeline-dbt/venv-dbt/lib/python3.9/site-packages/elementary/monitor/dbt_project']' is 3907
2024-04-26 17:14:05 â€” DEBUG â€” Running dbt --log-format json run-operation elementary.log_macro_results --args {"macro_name": "elementary_cli.get_adapter_type_and_unique_id", "macro_args": {}} --project-dir /Users/edoardosezzi/Desktop/habacus/dwh-pipeline-dbt/venv-dbt/lib/python3.9/site-packages/elementary/monitor/dbt_project
2024-04-26 17:14:08 â€” DEBUG â€” Result bytes size for command '['dbt', '--log-format', 'json', 'run-operation', 'elementary.log_macro_results', '--args', '{"macro_name": "elementary_cli.get_adapter_type_and_unique_id", "macro_args": {}}', '--project-dir', '/Users/edoardosezzi/Desktop/habacus/dwh-pipeline-dbt/venv-dbt/lib/python3.9/site-packages/elementary/monitor/dbt_project']' is 1899
2024-04-26 17:14:08 â€” INFO â€” edr (0.14.1) and Elementary's dbt package (0.14.1) are compatible.
2024-04-26 17:14:08 â€” DEBUG â€” Running dbt --log-format json run-operation elementary.log_macro_results --args {"macro_name": "elementary_cli.get_elementary_database_and_schema", "macro_args": {}} --project-dir /Users/edoardosezzi/Desktop/habacus/dwh-pipeline-dbt/venv-dbt/lib/python3.9/site-packages/elementary/monitor/dbt_project
2024-04-26 17:14:10 â€” DEBUG â€” Result bytes size for command '['dbt', '--log-format', 'json', 'run-operation', 'elementary.log_macro_results', '--args', '{"macro_name": "elementary_cli.get_elementary_database_and_schema", "macro_args": {}}', '--project-dir', '/Users/edoardosezzi/Desktop/habacus/dwh-pipeline-dbt/venv-dbt/lib/python3.9/site-packages/elementary/monitor/dbt_project']' is 1899
2024-04-26 17:14:10 â€” INFO â€” Elementary's database and schema: '"habacus-dwh-prod-eu-001.habacus_curated"'
2024-04-26 17:14:10 â€” INFO â€” Running dbt --log-format json run-operation elementary.log_macro_results --args {"macro_name": "elementary_cli.get_test_results", "macro_args": {"days_back": 7, "invocations_per_test": 720, "disable_passed_test_metrics": false}} --project-dir /Users/edoardosezzi/Desktop/habacus/dwh-pipeline-dbt/venv-dbt/lib/python3.9/site-packages/elementary/monitor/dbt_project
2024-04-26 17:14:15 â€” DEBUG â€” Result bytes size for command '['dbt', '--log-format', 'json', 'run-operation', 'elementary.log_macro_results', '--args', '{"macro_name": "elementary_cli.get_test_results", "macro_args": {"days_back": 7, "invocations_per_test": 720, "disable_passed_test_metrics": false}}', '--project-dir', '/Users/edoardosezzi/Desktop/habacus/dwh-pipeline-dbt/venv-dbt/lib/python3.9/site-packages/elementary/monitor/dbt_project']' is 1817
2024-04-26 17:14:15 â€” INFO â€” Running dbt --log-format json run-operation elementary.log_macro_results --args {"macro_name": "elementary_cli.get_source_freshness_results", "macro_args": {"days_back": 7, "invocations_per_test": 720}} --project-dir /Users/edoardosezzi/Desktop/habacus/dwh-pipeline-dbt/venv-dbt/lib/python3.9/site-packages/elementary/monitor/dbt_project
2024-04-26 17:14:19 â€” DEBUG â€” Result bytes size for command '['dbt', '--log-format', 'json', 'run-operation', 'elementary.log_macro_results', '--args', '{"macro_name": "elementary_cli.get_source_freshness_results", "macro_args": {"days_back": 7, "invocations_per_test": 720}}', '--project-dir', '/Users/edoardosezzi/Desktop/habacus/dwh-pipeline-dbt/venv-dbt/lib/python3.9/site-packages/elementary/monitor/dbt_project']' is 1817
2024-04-26 17:14:19 â€” INFO â€” Running dbt --log-format json run-operation elementary.log_macro_results --args {"macro_name": "elementary_cli.get_models", "macro_args": {"exclude_elementary": true}} --project-dir /Users/edoardosezzi/Desktop/habacus/dwh-pipeline-dbt/venv-dbt/lib/python3.9/site-packages/elementary/monitor/dbt_project
2024-04-26 17:14:23 â€” DEBUG â€” Result bytes size for command '['dbt', '--log-format', 'json', 'run-operation', 'elementary.log_macro_results', '--args', '{"macro_name": "elementary_cli.get_models", "macro_args": {"exclude_elementary": true}}', '--project-dir', '/Users/edoardosezzi/Desktop/habacus/dwh-pipeline-dbt/venv-dbt/lib/python3.9/site-packages/elementary/monitor/dbt_project']' is 4549
2024-04-26 17:14:23 â€” INFO â€” Running dbt --log-format json run-operation elementary.log_macro_results --args {"macro_name": "elementary_cli.get_sources", "macro_args": {}} --project-dir /Users/edoardosezzi/Desktop/habacus/dwh-pipeline-dbt/venv-dbt/lib/python3.9/site-packages/elementary/monitor/dbt_project
2024-04-26 17:14:26 â€” DEBUG â€” Result bytes size for command '['dbt', '--log-format', 'json', 'run-operation', 'elementary.log_macro_results', '--args', '{"macro_name": "elementary_cli.get_sources", "macro_args": {}}', '--project-dir', '/Users/edoardosezzi/Desktop/habacus/dwh-pipeline-dbt/venv-dbt/lib/python3.9/site-packages/elementary/monitor/dbt_project']' is 4187
2024-04-26 17:14:26 â€” INFO â€” Running dbt --log-format json run-operation elementary.log_macro_results --args {"macro_name": "elementary_cli.get_exposures", "macro_args": {}} --project-dir /Users/edoardosezzi/Desktop/habacus/dwh-pipeline-dbt/venv-dbt/lib/python3.9/site-packages/elementary/monitor/dbt_project
2024-04-26 17:14:31 â€” DEBUG â€” Result bytes size for command '['dbt', '--log-format', 'json', 'run-operation', 'elementary.log_macro_results', '--args', '{"macro_name": "elementary_cli.get_exposures", "macro_args": {}}', '--project-dir', '/Users/edoardosezzi/Desktop/habacus/dwh-pipeline-dbt/venv-dbt/lib/python3.9/site-packages/elementary/monitor/dbt_project']' is 1817
2024-04-26 17:14:31 â€” INFO â€” Running dbt --log-format json run-operation elementary.log_macro_results --args {"macro_name": "elementary_cli.get_models_runs", "macro_args": {"days_back": 7, "exclude_elementary": true}} --project-dir /Users/edoardosezzi/Desktop/habacus/dwh-pipeline-dbt/venv-dbt/lib/python3.9/site-packages/elementary/monitor/dbt_project
2024-04-26 17:14:35 â€” DEBUG â€” Result bytes size for command '['dbt', '--log-format', 'json', 'run-operation', 'elementary.log_macro_results', '--args', '{"macro_name": "elementary_cli.get_models_runs", "macro_args": {"days_back": 7, "exclude_elementary": true}}', '--project-dir', '/Users/edoardosezzi/Desktop/habacus/dwh-pipeline-dbt/venv-dbt/lib/python3.9/site-packages/elementary/monitor/dbt_project']' is 1817
2024-04-26 17:14:35 â€” INFO â€” Running dbt --log-format json run-operation elementary.log_macro_results --args {"macro_name": "elementary_cli.get_dbt_models_test_coverage", "macro_args": {}} --project-dir /Users/edoardosezzi/Desktop/habacus/dwh-pipeline-dbt/venv-dbt/lib/python3.9/site-packages/elementary/monitor/dbt_project
2024-04-26 17:14:39 â€” DEBUG â€” Result bytes size for command '['dbt', '--log-format', 'json', 'run-operation', 'elementary.log_macro_results', '--args', '{"macro_name": "elementary_cli.get_dbt_models_test_coverage", "macro_args": {}}', '--project-dir', '/Users/edoardosezzi/Desktop/habacus/dwh-pipeline-dbt/venv-dbt/lib/python3.9/site-packages/elementary/monitor/dbt_project']' is 2507
2024-04-26 17:14:39 â€” INFO â€” Running dbt --log-format json run-operation elementary.log_macro_results --args {"macro_name": "elementary_cli.get_nodes_depends_on_nodes", "macro_args": {"exclude_elementary": true}} --project-dir /Users/edoardosezzi/Desktop/habacus/dwh-pipeline-dbt/venv-dbt/lib/python3.9/site-packages/elementary/monitor/dbt_project
2024-04-26 17:14:42 â€” DEBUG â€” Result bytes size for command '['dbt', '--log-format', 'json', 'run-operation', 'elementary.log_macro_results', '--args', '{"macro_name": "elementary_cli.get_nodes_depends_on_nodes", "macro_args": {"exclude_elementary": true}}', '--project-dir', '/Users/edoardosezzi/Desktop/habacus/dwh-pipeline-dbt/venv-dbt/lib/python3.9/site-packages/elementary/monitor/dbt_project']' is 3753
2024-04-26 17:14:42 â€” INFO â€” Running dbt --log-format json run-operation elementary.log_macro_results --args {"macro_name": "elementary_cli.get_models_latest_invocation", "macro_args": {}} --project-dir /Users/edoardosezzi/Desktop/habacus/dwh-pipeline-dbt/venv-dbt/lib/python3.9/site-packages/elementary/monitor/dbt_project
2024-04-26 17:14:46 â€” DEBUG â€” Result bytes size for command '['dbt', '--log-format', 'json', 'run-operation', 'elementary.log_macro_results', '--args', '{"macro_name": "elementary_cli.get_models_latest_invocation", "macro_args": {}}', '--project-dir', '/Users/edoardosezzi/Desktop/habacus/dwh-pipeline-dbt/venv-dbt/lib/python3.9/site-packages/elementary/monitor/dbt_project']' is 8913
2024-04-26 17:14:46 â€” INFO â€” Running dbt --log-format json run-operation elementary.log_macro_results --args {"macro_name": "elementary_cli.get_models_latest_invocations_data", "macro_args": {}} --project-dir /Users/edoardosezzi/Desktop/habacus/dwh-pipeline-dbt/venv-dbt/lib/python3.9/site-packages/elementary/monitor/dbt_project
2024-04-26 17:14:50 â€” DEBUG â€” Result bytes size for command '['dbt', '--log-format', 'json', 'run-operation', 'elementary.log_macro_results', '--args', '{"macro_name": "elementary_cli.get_models_latest_invocations_data", "macro_args": {}}', '--project-dir', '/Users/edoardosezzi/Desktop/habacus/dwh-pipeline-dbt/venv-dbt/lib/python3.9/site-packages/elementary/monitor/dbt_project']' is 2275
2024-04-26 17:16:23 â€” INFO â€” Running with edr=0.14.1
2024-04-26 17:16:23 â€” DEBUG â€” Running dbt --log-format json run-operation elementary.log_macro_results --args {"macro_name": "elementary_cli.get_latest_invocation", "macro_args": {}} --project-dir /Users/edoardosezzi/Desktop/habacus/dwh-pipeline-dbt/venv-dbt/lib/python3.9/site-packages/elementary/monitor/dbt_project
2024-04-26 17:16:26 â€” DEBUG â€” Result bytes size for command '['dbt', '--log-format', 'json', 'run-operation', 'elementary.log_macro_results', '--args', '{"macro_name": "elementary_cli.get_latest_invocation", "macro_args": {}}', '--project-dir', '/Users/edoardosezzi/Desktop/habacus/dwh-pipeline-dbt/venv-dbt/lib/python3.9/site-packages/elementary/monitor/dbt_project']' is 3873
2024-04-26 17:16:26 â€” DEBUG â€” Running dbt --log-format json run-operation elementary.log_macro_results --args {"macro_name": "elementary_cli.get_adapter_type_and_unique_id", "macro_args": {}} --project-dir /Users/edoardosezzi/Desktop/habacus/dwh-pipeline-dbt/venv-dbt/lib/python3.9/site-packages/elementary/monitor/dbt_project
2024-04-26 17:16:29 â€” DEBUG â€” Result bytes size for command '['dbt', '--log-format', 'json', 'run-operation', 'elementary.log_macro_results', '--args', '{"macro_name": "elementary_cli.get_adapter_type_and_unique_id", "macro_args": {}}', '--project-dir', '/Users/edoardosezzi/Desktop/habacus/dwh-pipeline-dbt/venv-dbt/lib/python3.9/site-packages/elementary/monitor/dbt_project']' is 1899
2024-04-26 17:16:29 â€” INFO â€” edr (0.14.1) and Elementary's dbt package (0.14.1) are compatible.
2024-04-26 17:16:29 â€” DEBUG â€” Running dbt --log-format json run-operation elementary.log_macro_results --args {"macro_name": "elementary_cli.get_elementary_database_and_schema", "macro_args": {}} --project-dir /Users/edoardosezzi/Desktop/habacus/dwh-pipeline-dbt/venv-dbt/lib/python3.9/site-packages/elementary/monitor/dbt_project
2024-04-26 17:16:31 â€” DEBUG â€” Result bytes size for command '['dbt', '--log-format', 'json', 'run-operation', 'elementary.log_macro_results', '--args', '{"macro_name": "elementary_cli.get_elementary_database_and_schema", "macro_args": {}}', '--project-dir', '/Users/edoardosezzi/Desktop/habacus/dwh-pipeline-dbt/venv-dbt/lib/python3.9/site-packages/elementary/monitor/dbt_project']' is 1899
2024-04-26 17:16:31 â€” INFO â€” Elementary's database and schema: '"habacus-dwh-prod-eu-001.habacus_curated"'
2024-04-26 17:16:31 â€” INFO â€” Running dbt --log-format json run-operation elementary.log_macro_results --args {"macro_name": "elementary_cli.get_test_results", "macro_args": {"days_back": 7, "invocations_per_test": 720, "disable_passed_test_metrics": false}} --project-dir /Users/edoardosezzi/Desktop/habacus/dwh-pipeline-dbt/venv-dbt/lib/python3.9/site-packages/elementary/monitor/dbt_project
2024-04-26 17:16:37 â€” DEBUG â€” Result bytes size for command '['dbt', '--log-format', 'json', 'run-operation', 'elementary.log_macro_results', '--args', '{"macro_name": "elementary_cli.get_test_results", "macro_args": {"days_back": 7, "invocations_per_test": 720, "disable_passed_test_metrics": false}}', '--project-dir', '/Users/edoardosezzi/Desktop/habacus/dwh-pipeline-dbt/venv-dbt/lib/python3.9/site-packages/elementary/monitor/dbt_project']' is 26155
2024-04-26 17:16:37 â€” INFO â€” Running dbt --log-format json run-operation elementary.log_macro_results --args {"macro_name": "elementary_cli.get_source_freshness_results", "macro_args": {"days_back": 7, "invocations_per_test": 720}} --project-dir /Users/edoardosezzi/Desktop/habacus/dwh-pipeline-dbt/venv-dbt/lib/python3.9/site-packages/elementary/monitor/dbt_project
2024-04-26 17:16:41 â€” DEBUG â€” Result bytes size for command '['dbt', '--log-format', 'json', 'run-operation', 'elementary.log_macro_results', '--args', '{"macro_name": "elementary_cli.get_source_freshness_results", "macro_args": {"days_back": 7, "invocations_per_test": 720}}', '--project-dir', '/Users/edoardosezzi/Desktop/habacus/dwh-pipeline-dbt/venv-dbt/lib/python3.9/site-packages/elementary/monitor/dbt_project']' is 1817
2024-04-26 17:16:41 â€” INFO â€” Running dbt --log-format json run-operation elementary.log_macro_results --args {"macro_name": "elementary_cli.get_models", "macro_args": {"exclude_elementary": true}} --project-dir /Users/edoardosezzi/Desktop/habacus/dwh-pipeline-dbt/venv-dbt/lib/python3.9/site-packages/elementary/monitor/dbt_project
2024-04-26 17:16:44 â€” DEBUG â€” Result bytes size for command '['dbt', '--log-format', 'json', 'run-operation', 'elementary.log_macro_results', '--args', '{"macro_name": "elementary_cli.get_models", "macro_args": {"exclude_elementary": true}}', '--project-dir', '/Users/edoardosezzi/Desktop/habacus/dwh-pipeline-dbt/venv-dbt/lib/python3.9/site-packages/elementary/monitor/dbt_project']' is 4549
2024-04-26 17:16:44 â€” INFO â€” Running dbt --log-format json run-operation elementary.log_macro_results --args {"macro_name": "elementary_cli.get_sources", "macro_args": {}} --project-dir /Users/edoardosezzi/Desktop/habacus/dwh-pipeline-dbt/venv-dbt/lib/python3.9/site-packages/elementary/monitor/dbt_project
2024-04-26 17:16:48 â€” DEBUG â€” Result bytes size for command '['dbt', '--log-format', 'json', 'run-operation', 'elementary.log_macro_results', '--args', '{"macro_name": "elementary_cli.get_sources", "macro_args": {}}', '--project-dir', '/Users/edoardosezzi/Desktop/habacus/dwh-pipeline-dbt/venv-dbt/lib/python3.9/site-packages/elementary/monitor/dbt_project']' is 4187
2024-04-26 17:16:48 â€” INFO â€” Running dbt --log-format json run-operation elementary.log_macro_results --args {"macro_name": "elementary_cli.get_exposures", "macro_args": {}} --project-dir /Users/edoardosezzi/Desktop/habacus/dwh-pipeline-dbt/venv-dbt/lib/python3.9/site-packages/elementary/monitor/dbt_project
2024-04-26 17:16:52 â€” DEBUG â€” Result bytes size for command '['dbt', '--log-format', 'json', 'run-operation', 'elementary.log_macro_results', '--args', '{"macro_name": "elementary_cli.get_exposures", "macro_args": {}}', '--project-dir', '/Users/edoardosezzi/Desktop/habacus/dwh-pipeline-dbt/venv-dbt/lib/python3.9/site-packages/elementary/monitor/dbt_project']' is 1817
2024-04-26 17:16:52 â€” INFO â€” Running dbt --log-format json run-operation elementary.log_macro_results --args {"macro_name": "elementary_cli.get_models_runs", "macro_args": {"days_back": 7, "exclude_elementary": true}} --project-dir /Users/edoardosezzi/Desktop/habacus/dwh-pipeline-dbt/venv-dbt/lib/python3.9/site-packages/elementary/monitor/dbt_project
2024-04-26 17:16:59 â€” DEBUG â€” Result bytes size for command '['dbt', '--log-format', 'json', 'run-operation', 'elementary.log_macro_results', '--args', '{"macro_name": "elementary_cli.get_models_runs", "macro_args": {"days_back": 7, "exclude_elementary": true}}', '--project-dir', '/Users/edoardosezzi/Desktop/habacus/dwh-pipeline-dbt/venv-dbt/lib/python3.9/site-packages/elementary/monitor/dbt_project']' is 1817
2024-04-26 17:16:59 â€” INFO â€” Running dbt --log-format json run-operation elementary.log_macro_results --args {"macro_name": "elementary_cli.get_dbt_models_test_coverage", "macro_args": {}} --project-dir /Users/edoardosezzi/Desktop/habacus/dwh-pipeline-dbt/venv-dbt/lib/python3.9/site-packages/elementary/monitor/dbt_project
2024-04-26 17:17:02 â€” DEBUG â€” Result bytes size for command '['dbt', '--log-format', 'json', 'run-operation', 'elementary.log_macro_results', '--args', '{"macro_name": "elementary_cli.get_dbt_models_test_coverage", "macro_args": {}}', '--project-dir', '/Users/edoardosezzi/Desktop/habacus/dwh-pipeline-dbt/venv-dbt/lib/python3.9/site-packages/elementary/monitor/dbt_project']' is 2507
2024-04-26 17:17:02 â€” INFO â€” Running dbt --log-format json run-operation elementary.log_macro_results --args {"macro_name": "elementary_cli.get_nodes_depends_on_nodes", "macro_args": {"exclude_elementary": true}} --project-dir /Users/edoardosezzi/Desktop/habacus/dwh-pipeline-dbt/venv-dbt/lib/python3.9/site-packages/elementary/monitor/dbt_project
2024-04-26 17:17:06 â€” DEBUG â€” Result bytes size for command '['dbt', '--log-format', 'json', 'run-operation', 'elementary.log_macro_results', '--args', '{"macro_name": "elementary_cli.get_nodes_depends_on_nodes", "macro_args": {"exclude_elementary": true}}', '--project-dir', '/Users/edoardosezzi/Desktop/habacus/dwh-pipeline-dbt/venv-dbt/lib/python3.9/site-packages/elementary/monitor/dbt_project']' is 3753
2024-04-26 17:17:06 â€” INFO â€” Running dbt --log-format json run-operation elementary.log_macro_results --args {"macro_name": "elementary_cli.get_models_latest_invocation", "macro_args": {}} --project-dir /Users/edoardosezzi/Desktop/habacus/dwh-pipeline-dbt/venv-dbt/lib/python3.9/site-packages/elementary/monitor/dbt_project
2024-04-26 17:17:11 â€” DEBUG â€” Result bytes size for command '['dbt', '--log-format', 'json', 'run-operation', 'elementary.log_macro_results', '--args', '{"macro_name": "elementary_cli.get_models_latest_invocation", "macro_args": {}}', '--project-dir', '/Users/edoardosezzi/Desktop/habacus/dwh-pipeline-dbt/venv-dbt/lib/python3.9/site-packages/elementary/monitor/dbt_project']' is 8913
2024-04-26 17:17:11 â€” INFO â€” Running dbt --log-format json run-operation elementary.log_macro_results --args {"macro_name": "elementary_cli.get_models_latest_invocations_data", "macro_args": {}} --project-dir /Users/edoardosezzi/Desktop/habacus/dwh-pipeline-dbt/venv-dbt/lib/python3.9/site-packages/elementary/monitor/dbt_project
2024-04-26 17:17:40 â€” INFO â€” Running with edr=0.14.1
2024-04-26 17:17:40 â€” DEBUG â€” Running dbt --log-format json run-operation elementary.log_macro_results --args {"macro_name": "elementary_cli.get_latest_invocation", "macro_args": {}} --project-dir /Users/edoardosezzi/Desktop/habacus/dwh-pipeline-dbt/venv-dbt/lib/python3.9/site-packages/elementary/monitor/dbt_project
2024-04-26 17:17:45 â€” DEBUG â€” Result bytes size for command '['dbt', '--log-format', 'json', 'run-operation', 'elementary.log_macro_results', '--args', '{"macro_name": "elementary_cli.get_latest_invocation", "macro_args": {}}', '--project-dir', '/Users/edoardosezzi/Desktop/habacus/dwh-pipeline-dbt/venv-dbt/lib/python3.9/site-packages/elementary/monitor/dbt_project']' is 3873
2024-04-26 17:17:45 â€” DEBUG â€” Running dbt --log-format json run-operation elementary.log_macro_results --args {"macro_name": "elementary_cli.get_adapter_type_and_unique_id", "macro_args": {}} --project-dir /Users/edoardosezzi/Desktop/habacus/dwh-pipeline-dbt/venv-dbt/lib/python3.9/site-packages/elementary/monitor/dbt_project
2024-04-26 17:17:47 â€” DEBUG â€” Result bytes size for command '['dbt', '--log-format', 'json', 'run-operation', 'elementary.log_macro_results', '--args', '{"macro_name": "elementary_cli.get_adapter_type_and_unique_id", "macro_args": {}}', '--project-dir', '/Users/edoardosezzi/Desktop/habacus/dwh-pipeline-dbt/venv-dbt/lib/python3.9/site-packages/elementary/monitor/dbt_project']' is 1899
2024-04-26 17:17:47 â€” INFO â€” edr (0.14.1) and Elementary's dbt package (0.14.1) are compatible.
2024-04-26 17:17:47 â€” DEBUG â€” Running dbt --log-format json run-operation elementary.log_macro_results --args {"macro_name": "elementary_cli.get_elementary_database_and_schema", "macro_args": {}} --project-dir /Users/edoardosezzi/Desktop/habacus/dwh-pipeline-dbt/venv-dbt/lib/python3.9/site-packages/elementary/monitor/dbt_project
2024-04-26 17:17:49 â€” DEBUG â€” Result bytes size for command '['dbt', '--log-format', 'json', 'run-operation', 'elementary.log_macro_results', '--args', '{"macro_name": "elementary_cli.get_elementary_database_and_schema", "macro_args": {}}', '--project-dir', '/Users/edoardosezzi/Desktop/habacus/dwh-pipeline-dbt/venv-dbt/lib/python3.9/site-packages/elementary/monitor/dbt_project']' is 1899
2024-04-26 17:17:49 â€” INFO â€” Elementary's database and schema: '"habacus-dwh-prod-eu-001.habacus_curated"'
2024-04-26 17:17:49 â€” INFO â€” Running dbt --log-format json run-operation elementary.log_macro_results --args {"macro_name": "elementary_cli.get_test_results", "macro_args": {"days_back": 7, "invocations_per_test": 720, "disable_passed_test_metrics": false}} --project-dir /Users/edoardosezzi/Desktop/habacus/dwh-pipeline-dbt/venv-dbt/lib/python3.9/site-packages/elementary/monitor/dbt_project
2024-04-26 17:17:54 â€” DEBUG â€” Result bytes size for command '['dbt', '--log-format', 'json', 'run-operation', 'elementary.log_macro_results', '--args', '{"macro_name": "elementary_cli.get_test_results", "macro_args": {"days_back": 7, "invocations_per_test": 720, "disable_passed_test_metrics": false}}', '--project-dir', '/Users/edoardosezzi/Desktop/habacus/dwh-pipeline-dbt/venv-dbt/lib/python3.9/site-packages/elementary/monitor/dbt_project']' is 50325
2024-04-26 17:17:54 â€” INFO â€” Running dbt --log-format json run-operation elementary.log_macro_results --args {"macro_name": "elementary_cli.get_source_freshness_results", "macro_args": {"days_back": 7, "invocations_per_test": 720}} --project-dir /Users/edoardosezzi/Desktop/habacus/dwh-pipeline-dbt/venv-dbt/lib/python3.9/site-packages/elementary/monitor/dbt_project
2024-04-26 17:17:59 â€” DEBUG â€” Result bytes size for command '['dbt', '--log-format', 'json', 'run-operation', 'elementary.log_macro_results', '--args', '{"macro_name": "elementary_cli.get_source_freshness_results", "macro_args": {"days_back": 7, "invocations_per_test": 720}}', '--project-dir', '/Users/edoardosezzi/Desktop/habacus/dwh-pipeline-dbt/venv-dbt/lib/python3.9/site-packages/elementary/monitor/dbt_project']' is 1817
2024-04-26 17:17:59 â€” INFO â€” Running dbt --log-format json run-operation elementary.log_macro_results --args {"macro_name": "elementary_cli.get_models", "macro_args": {"exclude_elementary": true}} --project-dir /Users/edoardosezzi/Desktop/habacus/dwh-pipeline-dbt/venv-dbt/lib/python3.9/site-packages/elementary/monitor/dbt_project
2024-04-26 17:18:02 â€” DEBUG â€” Result bytes size for command '['dbt', '--log-format', 'json', 'run-operation', 'elementary.log_macro_results', '--args', '{"macro_name": "elementary_cli.get_models", "macro_args": {"exclude_elementary": true}}', '--project-dir', '/Users/edoardosezzi/Desktop/habacus/dwh-pipeline-dbt/venv-dbt/lib/python3.9/site-packages/elementary/monitor/dbt_project']' is 4549
2024-04-26 17:18:02 â€” INFO â€” Running dbt --log-format json run-operation elementary.log_macro_results --args {"macro_name": "elementary_cli.get_sources", "macro_args": {}} --project-dir /Users/edoardosezzi/Desktop/habacus/dwh-pipeline-dbt/venv-dbt/lib/python3.9/site-packages/elementary/monitor/dbt_project
2024-04-26 17:18:07 â€” DEBUG â€” Result bytes size for command '['dbt', '--log-format', 'json', 'run-operation', 'elementary.log_macro_results', '--args', '{"macro_name": "elementary_cli.get_sources", "macro_args": {}}', '--project-dir', '/Users/edoardosezzi/Desktop/habacus/dwh-pipeline-dbt/venv-dbt/lib/python3.9/site-packages/elementary/monitor/dbt_project']' is 4187
2024-04-26 17:18:07 â€” INFO â€” Running dbt --log-format json run-operation elementary.log_macro_results --args {"macro_name": "elementary_cli.get_exposures", "macro_args": {}} --project-dir /Users/edoardosezzi/Desktop/habacus/dwh-pipeline-dbt/venv-dbt/lib/python3.9/site-packages/elementary/monitor/dbt_project
2024-04-26 17:18:11 â€” DEBUG â€” Result bytes size for command '['dbt', '--log-format', 'json', 'run-operation', 'elementary.log_macro_results', '--args', '{"macro_name": "elementary_cli.get_exposures", "macro_args": {}}', '--project-dir', '/Users/edoardosezzi/Desktop/habacus/dwh-pipeline-dbt/venv-dbt/lib/python3.9/site-packages/elementary/monitor/dbt_project']' is 1817
2024-04-26 17:18:11 â€” INFO â€” Running dbt --log-format json run-operation elementary.log_macro_results --args {"macro_name": "elementary_cli.get_models_runs", "macro_args": {"days_back": 7, "exclude_elementary": true}} --project-dir /Users/edoardosezzi/Desktop/habacus/dwh-pipeline-dbt/venv-dbt/lib/python3.9/site-packages/elementary/monitor/dbt_project
2024-04-26 17:18:15 â€” DEBUG â€” Result bytes size for command '['dbt', '--log-format', 'json', 'run-operation', 'elementary.log_macro_results', '--args', '{"macro_name": "elementary_cli.get_models_runs", "macro_args": {"days_back": 7, "exclude_elementary": true}}', '--project-dir', '/Users/edoardosezzi/Desktop/habacus/dwh-pipeline-dbt/venv-dbt/lib/python3.9/site-packages/elementary/monitor/dbt_project']' is 1817
2024-04-26 17:18:15 â€” INFO â€” Running dbt --log-format json run-operation elementary.log_macro_results --args {"macro_name": "elementary_cli.get_dbt_models_test_coverage", "macro_args": {}} --project-dir /Users/edoardosezzi/Desktop/habacus/dwh-pipeline-dbt/venv-dbt/lib/python3.9/site-packages/elementary/monitor/dbt_project
2024-04-26 17:18:19 â€” DEBUG â€” Result bytes size for command '['dbt', '--log-format', 'json', 'run-operation', 'elementary.log_macro_results', '--args', '{"macro_name": "elementary_cli.get_dbt_models_test_coverage", "macro_args": {}}', '--project-dir', '/Users/edoardosezzi/Desktop/habacus/dwh-pipeline-dbt/venv-dbt/lib/python3.9/site-packages/elementary/monitor/dbt_project']' is 2507
2024-04-26 17:18:19 â€” INFO â€” Running dbt --log-format json run-operation elementary.log_macro_results --args {"macro_name": "elementary_cli.get_nodes_depends_on_nodes", "macro_args": {"exclude_elementary": true}} --project-dir /Users/edoardosezzi/Desktop/habacus/dwh-pipeline-dbt/venv-dbt/lib/python3.9/site-packages/elementary/monitor/dbt_project
2024-04-26 17:18:22 â€” DEBUG â€” Result bytes size for command '['dbt', '--log-format', 'json', 'run-operation', 'elementary.log_macro_results', '--args', '{"macro_name": "elementary_cli.get_nodes_depends_on_nodes", "macro_args": {"exclude_elementary": true}}', '--project-dir', '/Users/edoardosezzi/Desktop/habacus/dwh-pipeline-dbt/venv-dbt/lib/python3.9/site-packages/elementary/monitor/dbt_project']' is 3753
2024-04-26 17:18:22 â€” INFO â€” Running dbt --log-format json run-operation elementary.log_macro_results --args {"macro_name": "elementary_cli.get_models_latest_invocation", "macro_args": {}} --project-dir /Users/edoardosezzi/Desktop/habacus/dwh-pipeline-dbt/venv-dbt/lib/python3.9/site-packages/elementary/monitor/dbt_project
2024-04-26 17:18:26 â€” DEBUG â€” Result bytes size for command '['dbt', '--log-format', 'json', 'run-operation', 'elementary.log_macro_results', '--args', '{"macro_name": "elementary_cli.get_models_latest_invocation", "macro_args": {}}', '--project-dir', '/Users/edoardosezzi/Desktop/habacus/dwh-pipeline-dbt/venv-dbt/lib/python3.9/site-packages/elementary/monitor/dbt_project']' is 8913
2024-04-26 17:18:26 â€” INFO â€” Running dbt --log-format json run-operation elementary.log_macro_results --args {"macro_name": "elementary_cli.get_models_latest_invocations_data", "macro_args": {}} --project-dir /Users/edoardosezzi/Desktop/habacus/dwh-pipeline-dbt/venv-dbt/lib/python3.9/site-packages/elementary/monitor/dbt_project
2024-04-26 17:18:30 â€” DEBUG â€” Result bytes size for command '['dbt', '--log-format', 'json', 'run-operation', 'elementary.log_macro_results', '--args', '{"macro_name": "elementary_cli.get_models_latest_invocations_data", "macro_args": {}}', '--project-dir', '/Users/edoardosezzi/Desktop/habacus/dwh-pipeline-dbt/venv-dbt/lib/python3.9/site-packages/elementary/monitor/dbt_project']' is 2275
2024-04-29 13:01:00 â€” INFO â€” Running with edr=0.14.1
2024-04-29 13:01:00 â€” DEBUG â€” Running dbt --log-format json run-operation elementary.log_macro_results --args {"macro_name": "elementary_cli.get_latest_invocation", "macro_args": {}} --project-dir /Users/edoardosezzi/Desktop/habacus/dwh-pipeline-dbt/venv-dbt/lib/python3.9/site-packages/elementary/monitor/dbt_project
2024-04-29 13:01:18 â€” DEBUG â€” Result bytes size for command '['dbt', '--log-format', 'json', 'run-operation', 'elementary.log_macro_results', '--args', '{"macro_name": "elementary_cli.get_latest_invocation", "macro_args": {}}', '--project-dir', '/Users/edoardosezzi/Desktop/habacus/dwh-pipeline-dbt/venv-dbt/lib/python3.9/site-packages/elementary/monitor/dbt_project']' is 3873
2024-04-29 13:01:18 â€” DEBUG â€” Running dbt --log-format json run-operation elementary.log_macro_results --args {"macro_name": "elementary_cli.get_adapter_type_and_unique_id", "macro_args": {}} --project-dir /Users/edoardosezzi/Desktop/habacus/dwh-pipeline-dbt/venv-dbt/lib/python3.9/site-packages/elementary/monitor/dbt_project
2024-04-29 13:01:21 â€” DEBUG â€” Result bytes size for command '['dbt', '--log-format', 'json', 'run-operation', 'elementary.log_macro_results', '--args', '{"macro_name": "elementary_cli.get_adapter_type_and_unique_id", "macro_args": {}}', '--project-dir', '/Users/edoardosezzi/Desktop/habacus/dwh-pipeline-dbt/venv-dbt/lib/python3.9/site-packages/elementary/monitor/dbt_project']' is 1899
2024-04-29 13:01:21 â€” INFO â€” edr (0.14.1) and Elementary's dbt package (0.14.1) are compatible.
2024-04-29 13:01:21 â€” DEBUG â€” Running dbt --log-format json run-operation elementary.log_macro_results --args {"macro_name": "elementary_cli.get_elementary_database_and_schema", "macro_args": {}} --project-dir /Users/edoardosezzi/Desktop/habacus/dwh-pipeline-dbt/venv-dbt/lib/python3.9/site-packages/elementary/monitor/dbt_project
2024-04-29 13:01:24 â€” DEBUG â€” Result bytes size for command '['dbt', '--log-format', 'json', 'run-operation', 'elementary.log_macro_results', '--args', '{"macro_name": "elementary_cli.get_elementary_database_and_schema", "macro_args": {}}', '--project-dir', '/Users/edoardosezzi/Desktop/habacus/dwh-pipeline-dbt/venv-dbt/lib/python3.9/site-packages/elementary/monitor/dbt_project']' is 1899
2024-04-29 13:01:24 â€” INFO â€” Elementary's database and schema: '"habacus-dwh-prod-eu-001.habacus_curated"'
2024-04-29 13:01:24 â€” INFO â€” Running dbt --log-format json run-operation elementary.log_macro_results --args {"macro_name": "elementary_cli.get_test_results", "macro_args": {"days_back": 7, "invocations_per_test": 720, "disable_passed_test_metrics": false}} --project-dir /Users/edoardosezzi/Desktop/habacus/dwh-pipeline-dbt/venv-dbt/lib/python3.9/site-packages/elementary/monitor/dbt_project
2024-04-29 13:01:30 â€” DEBUG â€” Result bytes size for command '['dbt', '--log-format', 'json', 'run-operation', 'elementary.log_macro_results', '--args', '{"macro_name": "elementary_cli.get_test_results", "macro_args": {"days_back": 7, "invocations_per_test": 720, "disable_passed_test_metrics": false}}', '--project-dir', '/Users/edoardosezzi/Desktop/habacus/dwh-pipeline-dbt/venv-dbt/lib/python3.9/site-packages/elementary/monitor/dbt_project']' is 56331
2024-04-29 13:01:30 â€” INFO â€” Running dbt --log-format json run-operation elementary.log_macro_results --args {"macro_name": "elementary_cli.get_source_freshness_results", "macro_args": {"days_back": 7, "invocations_per_test": 720}} --project-dir /Users/edoardosezzi/Desktop/habacus/dwh-pipeline-dbt/venv-dbt/lib/python3.9/site-packages/elementary/monitor/dbt_project
2024-04-29 13:01:37 â€” DEBUG â€” Result bytes size for command '['dbt', '--log-format', 'json', 'run-operation', 'elementary.log_macro_results', '--args', '{"macro_name": "elementary_cli.get_source_freshness_results", "macro_args": {"days_back": 7, "invocations_per_test": 720}}', '--project-dir', '/Users/edoardosezzi/Desktop/habacus/dwh-pipeline-dbt/venv-dbt/lib/python3.9/site-packages/elementary/monitor/dbt_project']' is 1817
2024-04-29 13:01:37 â€” INFO â€” Running dbt --log-format json run-operation elementary.log_macro_results --args {"macro_name": "elementary_cli.get_models", "macro_args": {"exclude_elementary": true}} --project-dir /Users/edoardosezzi/Desktop/habacus/dwh-pipeline-dbt/venv-dbt/lib/python3.9/site-packages/elementary/monitor/dbt_project
2024-04-29 13:01:43 â€” DEBUG â€” Result bytes size for command '['dbt', '--log-format', 'json', 'run-operation', 'elementary.log_macro_results', '--args', '{"macro_name": "elementary_cli.get_models", "macro_args": {"exclude_elementary": true}}', '--project-dir', '/Users/edoardosezzi/Desktop/habacus/dwh-pipeline-dbt/venv-dbt/lib/python3.9/site-packages/elementary/monitor/dbt_project']' is 4549
2024-04-29 13:01:43 â€” INFO â€” Running dbt --log-format json run-operation elementary.log_macro_results --args {"macro_name": "elementary_cli.get_sources", "macro_args": {}} --project-dir /Users/edoardosezzi/Desktop/habacus/dwh-pipeline-dbt/venv-dbt/lib/python3.9/site-packages/elementary/monitor/dbt_project
2024-04-29 13:01:49 â€” DEBUG â€” Result bytes size for command '['dbt', '--log-format', 'json', 'run-operation', 'elementary.log_macro_results', '--args', '{"macro_name": "elementary_cli.get_sources", "macro_args": {}}', '--project-dir', '/Users/edoardosezzi/Desktop/habacus/dwh-pipeline-dbt/venv-dbt/lib/python3.9/site-packages/elementary/monitor/dbt_project']' is 4947
2024-04-29 13:01:49 â€” INFO â€” Running dbt --log-format json run-operation elementary.log_macro_results --args {"macro_name": "elementary_cli.get_exposures", "macro_args": {}} --project-dir /Users/edoardosezzi/Desktop/habacus/dwh-pipeline-dbt/venv-dbt/lib/python3.9/site-packages/elementary/monitor/dbt_project
2024-04-29 13:01:59 â€” DEBUG â€” Result bytes size for command '['dbt', '--log-format', 'json', 'run-operation', 'elementary.log_macro_results', '--args', '{"macro_name": "elementary_cli.get_exposures", "macro_args": {}}', '--project-dir', '/Users/edoardosezzi/Desktop/habacus/dwh-pipeline-dbt/venv-dbt/lib/python3.9/site-packages/elementary/monitor/dbt_project']' is 1817
2024-04-29 13:01:59 â€” INFO â€” Running dbt --log-format json run-operation elementary.log_macro_results --args {"macro_name": "elementary_cli.get_models_runs", "macro_args": {"days_back": 7, "exclude_elementary": true}} --project-dir /Users/edoardosezzi/Desktop/habacus/dwh-pipeline-dbt/venv-dbt/lib/python3.9/site-packages/elementary/monitor/dbt_project
2024-04-29 13:02:19 â€” DEBUG â€” Result bytes size for command '['dbt', '--log-format', 'json', 'run-operation', 'elementary.log_macro_results', '--args', '{"macro_name": "elementary_cli.get_models_runs", "macro_args": {"days_back": 7, "exclude_elementary": true}}', '--project-dir', '/Users/edoardosezzi/Desktop/habacus/dwh-pipeline-dbt/venv-dbt/lib/python3.9/site-packages/elementary/monitor/dbt_project']' is 77133
2024-04-29 13:02:19 â€” INFO â€” Running dbt --log-format json run-operation elementary.log_macro_results --args {"macro_name": "elementary_cli.get_dbt_models_test_coverage", "macro_args": {}} --project-dir /Users/edoardosezzi/Desktop/habacus/dwh-pipeline-dbt/venv-dbt/lib/python3.9/site-packages/elementary/monitor/dbt_project
2024-04-29 13:02:27 â€” DEBUG â€” Result bytes size for command '['dbt', '--log-format', 'json', 'run-operation', 'elementary.log_macro_results', '--args', '{"macro_name": "elementary_cli.get_dbt_models_test_coverage", "macro_args": {}}', '--project-dir', '/Users/edoardosezzi/Desktop/habacus/dwh-pipeline-dbt/venv-dbt/lib/python3.9/site-packages/elementary/monitor/dbt_project']' is 2893
2024-04-29 13:02:27 â€” INFO â€” Running dbt --log-format json run-operation elementary.log_macro_results --args {"macro_name": "elementary_cli.get_nodes_depends_on_nodes", "macro_args": {"exclude_elementary": true}} --project-dir /Users/edoardosezzi/Desktop/habacus/dwh-pipeline-dbt/venv-dbt/lib/python3.9/site-packages/elementary/monitor/dbt_project
2024-04-29 13:02:32 â€” DEBUG â€” Result bytes size for command '['dbt', '--log-format', 'json', 'run-operation', 'elementary.log_macro_results', '--args', '{"macro_name": "elementary_cli.get_nodes_depends_on_nodes", "macro_args": {"exclude_elementary": true}}', '--project-dir', '/Users/edoardosezzi/Desktop/habacus/dwh-pipeline-dbt/venv-dbt/lib/python3.9/site-packages/elementary/monitor/dbt_project']' is 4087
2024-04-29 13:02:32 â€” INFO â€” Running dbt --log-format json run-operation elementary.log_macro_results --args {"macro_name": "elementary_cli.get_models_latest_invocation", "macro_args": {}} --project-dir /Users/edoardosezzi/Desktop/habacus/dwh-pipeline-dbt/venv-dbt/lib/python3.9/site-packages/elementary/monitor/dbt_project
2024-04-29 13:02:37 â€” DEBUG â€” Result bytes size for command '['dbt', '--log-format', 'json', 'run-operation', 'elementary.log_macro_results', '--args', '{"macro_name": "elementary_cli.get_models_latest_invocation", "macro_args": {}}', '--project-dir', '/Users/edoardosezzi/Desktop/habacus/dwh-pipeline-dbt/venv-dbt/lib/python3.9/site-packages/elementary/monitor/dbt_project']' is 9637
2024-04-29 13:02:37 â€” INFO â€” Running dbt --log-format json run-operation elementary.log_macro_results --args {"macro_name": "elementary_cli.get_models_latest_invocations_data", "macro_args": {}} --project-dir /Users/edoardosezzi/Desktop/habacus/dwh-pipeline-dbt/venv-dbt/lib/python3.9/site-packages/elementary/monitor/dbt_project
2024-04-29 14:06:08 â€” DEBUG â€” Result bytes size for command '['dbt', '--log-format', 'json', 'run-operation', 'elementary.log_macro_results', '--args', '{"macro_name": "elementary_cli.get_models_latest_invocations_data", "macro_args": {}}', '--project-dir', '/Users/edoardosezzi/Desktop/habacus/dwh-pipeline-dbt/venv-dbt/lib/python3.9/site-packages/elementary/monitor/dbt_project']' is 2239
2024-04-29 15:04:33 â€” INFO â€” Running with edr=0.14.1
2024-04-29 15:04:33 â€” DEBUG â€” Running dbt --log-format json run-operation elementary.log_macro_results --args {"macro_name": "elementary_cli.get_latest_invocation", "macro_args": {}} --project-dir /Users/edoardosezzi/Desktop/habacus/dwh-pipeline-dbt/venv-dbt/lib/python3.9/site-packages/elementary/monitor/dbt_project
2024-04-29 15:04:37 â€” DEBUG â€” Result bytes size for command '['dbt', '--log-format', 'json', 'run-operation', 'elementary.log_macro_results', '--args', '{"macro_name": "elementary_cli.get_latest_invocation", "macro_args": {}}', '--project-dir', '/Users/edoardosezzi/Desktop/habacus/dwh-pipeline-dbt/venv-dbt/lib/python3.9/site-packages/elementary/monitor/dbt_project']' is 3873
2024-04-29 15:04:37 â€” DEBUG â€” Running dbt --log-format json run-operation elementary.log_macro_results --args {"macro_name": "elementary_cli.get_adapter_type_and_unique_id", "macro_args": {}} --project-dir /Users/edoardosezzi/Desktop/habacus/dwh-pipeline-dbt/venv-dbt/lib/python3.9/site-packages/elementary/monitor/dbt_project
2024-04-29 15:04:39 â€” DEBUG â€” Result bytes size for command '['dbt', '--log-format', 'json', 'run-operation', 'elementary.log_macro_results', '--args', '{"macro_name": "elementary_cli.get_adapter_type_and_unique_id", "macro_args": {}}', '--project-dir', '/Users/edoardosezzi/Desktop/habacus/dwh-pipeline-dbt/venv-dbt/lib/python3.9/site-packages/elementary/monitor/dbt_project']' is 1899
2024-04-29 15:04:39 â€” INFO â€” edr (0.14.1) and Elementary's dbt package (0.14.1) are compatible.
2024-04-29 15:04:39 â€” DEBUG â€” Running dbt --log-format json run-operation elementary.log_macro_results --args {"macro_name": "elementary_cli.get_elementary_database_and_schema", "macro_args": {}} --project-dir /Users/edoardosezzi/Desktop/habacus/dwh-pipeline-dbt/venv-dbt/lib/python3.9/site-packages/elementary/monitor/dbt_project
2024-04-29 15:04:41 â€” DEBUG â€” Result bytes size for command '['dbt', '--log-format', 'json', 'run-operation', 'elementary.log_macro_results', '--args', '{"macro_name": "elementary_cli.get_elementary_database_and_schema", "macro_args": {}}', '--project-dir', '/Users/edoardosezzi/Desktop/habacus/dwh-pipeline-dbt/venv-dbt/lib/python3.9/site-packages/elementary/monitor/dbt_project']' is 1899
2024-04-29 15:04:41 â€” INFO â€” Elementary's database and schema: '"habacus-dwh-prod-eu-001.habacus_curated"'
2024-04-29 15:04:41 â€” INFO â€” Running dbt --log-format json run-operation elementary.log_macro_results --args {"macro_name": "elementary_cli.get_test_results", "macro_args": {"days_back": 7, "invocations_per_test": 720, "disable_passed_test_metrics": false}} --project-dir /Users/edoardosezzi/Desktop/habacus/dwh-pipeline-dbt/venv-dbt/lib/python3.9/site-packages/elementary/monitor/dbt_project
2024-04-29 15:04:47 â€” DEBUG â€” Result bytes size for command '['dbt', '--log-format', 'json', 'run-operation', 'elementary.log_macro_results', '--args', '{"macro_name": "elementary_cli.get_test_results", "macro_args": {"days_back": 7, "invocations_per_test": 720, "disable_passed_test_metrics": false}}', '--project-dir', '/Users/edoardosezzi/Desktop/habacus/dwh-pipeline-dbt/venv-dbt/lib/python3.9/site-packages/elementary/monitor/dbt_project']' is 117955
2024-04-29 15:04:47 â€” INFO â€” Running dbt --log-format json run-operation elementary.log_macro_results --args {"macro_name": "elementary_cli.get_source_freshness_results", "macro_args": {"days_back": 7, "invocations_per_test": 720}} --project-dir /Users/edoardosezzi/Desktop/habacus/dwh-pipeline-dbt/venv-dbt/lib/python3.9/site-packages/elementary/monitor/dbt_project
2024-04-29 15:04:52 â€” DEBUG â€” Result bytes size for command '['dbt', '--log-format', 'json', 'run-operation', 'elementary.log_macro_results', '--args', '{"macro_name": "elementary_cli.get_source_freshness_results", "macro_args": {"days_back": 7, "invocations_per_test": 720}}', '--project-dir', '/Users/edoardosezzi/Desktop/habacus/dwh-pipeline-dbt/venv-dbt/lib/python3.9/site-packages/elementary/monitor/dbt_project']' is 1817
2024-04-29 15:04:52 â€” INFO â€” Running dbt --log-format json run-operation elementary.log_macro_results --args {"macro_name": "elementary_cli.get_models", "macro_args": {"exclude_elementary": true}} --project-dir /Users/edoardosezzi/Desktop/habacus/dwh-pipeline-dbt/venv-dbt/lib/python3.9/site-packages/elementary/monitor/dbt_project
2024-04-29 15:04:56 â€” DEBUG â€” Result bytes size for command '['dbt', '--log-format', 'json', 'run-operation', 'elementary.log_macro_results', '--args', '{"macro_name": "elementary_cli.get_models", "macro_args": {"exclude_elementary": true}}', '--project-dir', '/Users/edoardosezzi/Desktop/habacus/dwh-pipeline-dbt/venv-dbt/lib/python3.9/site-packages/elementary/monitor/dbt_project']' is 4549
2024-04-29 15:04:56 â€” INFO â€” Running dbt --log-format json run-operation elementary.log_macro_results --args {"macro_name": "elementary_cli.get_sources", "macro_args": {}} --project-dir /Users/edoardosezzi/Desktop/habacus/dwh-pipeline-dbt/venv-dbt/lib/python3.9/site-packages/elementary/monitor/dbt_project
2024-04-29 15:04:59 â€” DEBUG â€” Result bytes size for command '['dbt', '--log-format', 'json', 'run-operation', 'elementary.log_macro_results', '--args', '{"macro_name": "elementary_cli.get_sources", "macro_args": {}}', '--project-dir', '/Users/edoardosezzi/Desktop/habacus/dwh-pipeline-dbt/venv-dbt/lib/python3.9/site-packages/elementary/monitor/dbt_project']' is 4907
2024-04-29 15:04:59 â€” INFO â€” Running dbt --log-format json run-operation elementary.log_macro_results --args {"macro_name": "elementary_cli.get_exposures", "macro_args": {}} --project-dir /Users/edoardosezzi/Desktop/habacus/dwh-pipeline-dbt/venv-dbt/lib/python3.9/site-packages/elementary/monitor/dbt_project
2024-04-29 15:05:04 â€” DEBUG â€” Result bytes size for command '['dbt', '--log-format', 'json', 'run-operation', 'elementary.log_macro_results', '--args', '{"macro_name": "elementary_cli.get_exposures", "macro_args": {}}', '--project-dir', '/Users/edoardosezzi/Desktop/habacus/dwh-pipeline-dbt/venv-dbt/lib/python3.9/site-packages/elementary/monitor/dbt_project']' is 1817
2024-04-29 15:05:04 â€” INFO â€” Running dbt --log-format json run-operation elementary.log_macro_results --args {"macro_name": "elementary_cli.get_models_runs", "macro_args": {"days_back": 7, "exclude_elementary": true}} --project-dir /Users/edoardosezzi/Desktop/habacus/dwh-pipeline-dbt/venv-dbt/lib/python3.9/site-packages/elementary/monitor/dbt_project
2024-04-29 15:05:09 â€” DEBUG â€” Result bytes size for command '['dbt', '--log-format', 'json', 'run-operation', 'elementary.log_macro_results', '--args', '{"macro_name": "elementary_cli.get_models_runs", "macro_args": {"days_back": 7, "exclude_elementary": true}}', '--project-dir', '/Users/edoardosezzi/Desktop/habacus/dwh-pipeline-dbt/venv-dbt/lib/python3.9/site-packages/elementary/monitor/dbt_project']' is 77133
2024-04-29 15:05:09 â€” INFO â€” Running dbt --log-format json run-operation elementary.log_macro_results --args {"macro_name": "elementary_cli.get_dbt_models_test_coverage", "macro_args": {}} --project-dir /Users/edoardosezzi/Desktop/habacus/dwh-pipeline-dbt/venv-dbt/lib/python3.9/site-packages/elementary/monitor/dbt_project
2024-04-29 15:05:12 â€” DEBUG â€” Result bytes size for command '['dbt', '--log-format', 'json', 'run-operation', 'elementary.log_macro_results', '--args', '{"macro_name": "elementary_cli.get_dbt_models_test_coverage", "macro_args": {}}', '--project-dir', '/Users/edoardosezzi/Desktop/habacus/dwh-pipeline-dbt/venv-dbt/lib/python3.9/site-packages/elementary/monitor/dbt_project']' is 2893
2024-04-29 15:05:12 â€” INFO â€” Running dbt --log-format json run-operation elementary.log_macro_results --args {"macro_name": "elementary_cli.get_nodes_depends_on_nodes", "macro_args": {"exclude_elementary": true}} --project-dir /Users/edoardosezzi/Desktop/habacus/dwh-pipeline-dbt/venv-dbt/lib/python3.9/site-packages/elementary/monitor/dbt_project
2024-04-29 15:05:16 â€” DEBUG â€” Result bytes size for command '['dbt', '--log-format', 'json', 'run-operation', 'elementary.log_macro_results', '--args', '{"macro_name": "elementary_cli.get_nodes_depends_on_nodes", "macro_args": {"exclude_elementary": true}}', '--project-dir', '/Users/edoardosezzi/Desktop/habacus/dwh-pipeline-dbt/venv-dbt/lib/python3.9/site-packages/elementary/monitor/dbt_project']' is 4087
2024-04-29 15:05:16 â€” INFO â€” Running dbt --log-format json run-operation elementary.log_macro_results --args {"macro_name": "elementary_cli.get_models_latest_invocation", "macro_args": {}} --project-dir /Users/edoardosezzi/Desktop/habacus/dwh-pipeline-dbt/venv-dbt/lib/python3.9/site-packages/elementary/monitor/dbt_project
2024-04-29 15:05:20 â€” DEBUG â€” Result bytes size for command '['dbt', '--log-format', 'json', 'run-operation', 'elementary.log_macro_results', '--args', '{"macro_name": "elementary_cli.get_models_latest_invocation", "macro_args": {}}', '--project-dir', '/Users/edoardosezzi/Desktop/habacus/dwh-pipeline-dbt/venv-dbt/lib/python3.9/site-packages/elementary/monitor/dbt_project']' is 9637
2024-04-29 15:05:20 â€” INFO â€” Running dbt --log-format json run-operation elementary.log_macro_results --args {"macro_name": "elementary_cli.get_models_latest_invocations_data", "macro_args": {}} --project-dir /Users/edoardosezzi/Desktop/habacus/dwh-pipeline-dbt/venv-dbt/lib/python3.9/site-packages/elementary/monitor/dbt_project
2024-04-29 15:05:24 â€” DEBUG â€” Result bytes size for command '['dbt', '--log-format', 'json', 'run-operation', 'elementary.log_macro_results', '--args', '{"macro_name": "elementary_cli.get_models_latest_invocations_data", "macro_args": {}}', '--project-dir', '/Users/edoardosezzi/Desktop/habacus/dwh-pipeline-dbt/venv-dbt/lib/python3.9/site-packages/elementary/monitor/dbt_project']' is 2239
2024-04-29 16:51:37 â€” INFO â€” Running with edr=0.14.1
2024-04-29 16:51:37 â€” DEBUG â€” Running dbt --log-format json run-operation elementary.log_macro_results --args {"macro_name": "elementary_cli.get_latest_invocation", "macro_args": {}} --project-dir /Users/edoardosezzi/Desktop/habacus/dwh-pipeline-dbt/venv-dbt/lib/python3.9/site-packages/elementary/monitor/dbt_project
2024-04-29 16:51:41 â€” DEBUG â€” Result bytes size for command '['dbt', '--log-format', 'json', 'run-operation', 'elementary.log_macro_results', '--args', '{"macro_name": "elementary_cli.get_latest_invocation", "macro_args": {}}', '--project-dir', '/Users/edoardosezzi/Desktop/habacus/dwh-pipeline-dbt/venv-dbt/lib/python3.9/site-packages/elementary/monitor/dbt_project']' is 3873
2024-04-29 16:51:41 â€” DEBUG â€” Running dbt --log-format json run-operation elementary.log_macro_results --args {"macro_name": "elementary_cli.get_adapter_type_and_unique_id", "macro_args": {}} --project-dir /Users/edoardosezzi/Desktop/habacus/dwh-pipeline-dbt/venv-dbt/lib/python3.9/site-packages/elementary/monitor/dbt_project
2024-04-29 16:51:43 â€” DEBUG â€” Result bytes size for command '['dbt', '--log-format', 'json', 'run-operation', 'elementary.log_macro_results', '--args', '{"macro_name": "elementary_cli.get_adapter_type_and_unique_id", "macro_args": {}}', '--project-dir', '/Users/edoardosezzi/Desktop/habacus/dwh-pipeline-dbt/venv-dbt/lib/python3.9/site-packages/elementary/monitor/dbt_project']' is 1899
2024-04-29 16:51:43 â€” INFO â€” edr (0.14.1) and Elementary's dbt package (0.14.1) are compatible.
2024-04-29 16:51:43 â€” DEBUG â€” Running dbt --log-format json run-operation elementary.log_macro_results --args {"macro_name": "elementary_cli.get_elementary_database_and_schema", "macro_args": {}} --project-dir /Users/edoardosezzi/Desktop/habacus/dwh-pipeline-dbt/venv-dbt/lib/python3.9/site-packages/elementary/monitor/dbt_project
2024-04-29 16:51:45 â€” DEBUG â€” Result bytes size for command '['dbt', '--log-format', 'json', 'run-operation', 'elementary.log_macro_results', '--args', '{"macro_name": "elementary_cli.get_elementary_database_and_schema", "macro_args": {}}', '--project-dir', '/Users/edoardosezzi/Desktop/habacus/dwh-pipeline-dbt/venv-dbt/lib/python3.9/site-packages/elementary/monitor/dbt_project']' is 1899
2024-04-29 16:51:45 â€” INFO â€” Elementary's database and schema: '"habacus-dwh-prod-eu-001.habacus_curated"'
2024-04-29 16:51:45 â€” INFO â€” Running dbt --log-format json run-operation elementary.log_macro_results --args {"macro_name": "elementary_cli.get_test_results", "macro_args": {"days_back": 7, "invocations_per_test": 720, "disable_passed_test_metrics": false}} --project-dir /Users/edoardosezzi/Desktop/habacus/dwh-pipeline-dbt/venv-dbt/lib/python3.9/site-packages/elementary/monitor/dbt_project
2024-04-29 16:51:50 â€” DEBUG â€” Result bytes size for command '['dbt', '--log-format', 'json', 'run-operation', 'elementary.log_macro_results', '--args', '{"macro_name": "elementary_cli.get_test_results", "macro_args": {"days_back": 7, "invocations_per_test": 720, "disable_passed_test_metrics": false}}', '--project-dir', '/Users/edoardosezzi/Desktop/habacus/dwh-pipeline-dbt/venv-dbt/lib/python3.9/site-packages/elementary/monitor/dbt_project']' is 193675
2024-04-29 16:51:50 â€” INFO â€” Running dbt --log-format json run-operation elementary.log_macro_results --args {"macro_name": "elementary_cli.get_source_freshness_results", "macro_args": {"days_back": 7, "invocations_per_test": 720}} --project-dir /Users/edoardosezzi/Desktop/habacus/dwh-pipeline-dbt/venv-dbt/lib/python3.9/site-packages/elementary/monitor/dbt_project
2024-04-29 16:51:54 â€” DEBUG â€” Result bytes size for command '['dbt', '--log-format', 'json', 'run-operation', 'elementary.log_macro_results', '--args', '{"macro_name": "elementary_cli.get_source_freshness_results", "macro_args": {"days_back": 7, "invocations_per_test": 720}}', '--project-dir', '/Users/edoardosezzi/Desktop/habacus/dwh-pipeline-dbt/venv-dbt/lib/python3.9/site-packages/elementary/monitor/dbt_project']' is 1817
2024-04-29 16:51:54 â€” INFO â€” Running dbt --log-format json run-operation elementary.log_macro_results --args {"macro_name": "elementary_cli.get_models", "macro_args": {"exclude_elementary": true}} --project-dir /Users/edoardosezzi/Desktop/habacus/dwh-pipeline-dbt/venv-dbt/lib/python3.9/site-packages/elementary/monitor/dbt_project
2024-04-29 16:51:58 â€” DEBUG â€” Result bytes size for command '['dbt', '--log-format', 'json', 'run-operation', 'elementary.log_macro_results', '--args', '{"macro_name": "elementary_cli.get_models", "macro_args": {"exclude_elementary": true}}', '--project-dir', '/Users/edoardosezzi/Desktop/habacus/dwh-pipeline-dbt/venv-dbt/lib/python3.9/site-packages/elementary/monitor/dbt_project']' is 4549
2024-04-29 16:51:58 â€” INFO â€” Running dbt --log-format json run-operation elementary.log_macro_results --args {"macro_name": "elementary_cli.get_sources", "macro_args": {}} --project-dir /Users/edoardosezzi/Desktop/habacus/dwh-pipeline-dbt/venv-dbt/lib/python3.9/site-packages/elementary/monitor/dbt_project
2024-04-29 16:52:01 â€” DEBUG â€” Result bytes size for command '['dbt', '--log-format', 'json', 'run-operation', 'elementary.log_macro_results', '--args', '{"macro_name": "elementary_cli.get_sources", "macro_args": {}}', '--project-dir', '/Users/edoardosezzi/Desktop/habacus/dwh-pipeline-dbt/venv-dbt/lib/python3.9/site-packages/elementary/monitor/dbt_project']' is 5755
2024-04-29 16:52:01 â€” INFO â€” Running dbt --log-format json run-operation elementary.log_macro_results --args {"macro_name": "elementary_cli.get_exposures", "macro_args": {}} --project-dir /Users/edoardosezzi/Desktop/habacus/dwh-pipeline-dbt/venv-dbt/lib/python3.9/site-packages/elementary/monitor/dbt_project
2024-04-29 16:52:05 â€” DEBUG â€” Result bytes size for command '['dbt', '--log-format', 'json', 'run-operation', 'elementary.log_macro_results', '--args', '{"macro_name": "elementary_cli.get_exposures", "macro_args": {}}', '--project-dir', '/Users/edoardosezzi/Desktop/habacus/dwh-pipeline-dbt/venv-dbt/lib/python3.9/site-packages/elementary/monitor/dbt_project']' is 1817
2024-04-29 16:52:05 â€” INFO â€” Running dbt --log-format json run-operation elementary.log_macro_results --args {"macro_name": "elementary_cli.get_models_runs", "macro_args": {"days_back": 7, "exclude_elementary": true}} --project-dir /Users/edoardosezzi/Desktop/habacus/dwh-pipeline-dbt/venv-dbt/lib/python3.9/site-packages/elementary/monitor/dbt_project
2024-04-29 16:52:10 â€” DEBUG â€” Result bytes size for command '['dbt', '--log-format', 'json', 'run-operation', 'elementary.log_macro_results', '--args', '{"macro_name": "elementary_cli.get_models_runs", "macro_args": {"days_back": 7, "exclude_elementary": true}}', '--project-dir', '/Users/edoardosezzi/Desktop/habacus/dwh-pipeline-dbt/venv-dbt/lib/python3.9/site-packages/elementary/monitor/dbt_project']' is 77133
2024-04-29 16:52:10 â€” INFO â€” Running dbt --log-format json run-operation elementary.log_macro_results --args {"macro_name": "elementary_cli.get_dbt_models_test_coverage", "macro_args": {}} --project-dir /Users/edoardosezzi/Desktop/habacus/dwh-pipeline-dbt/venv-dbt/lib/python3.9/site-packages/elementary/monitor/dbt_project
2024-04-29 16:52:14 â€” DEBUG â€” Result bytes size for command '['dbt', '--log-format', 'json', 'run-operation', 'elementary.log_macro_results', '--args', '{"macro_name": "elementary_cli.get_dbt_models_test_coverage", "macro_args": {}}', '--project-dir', '/Users/edoardosezzi/Desktop/habacus/dwh-pipeline-dbt/venv-dbt/lib/python3.9/site-packages/elementary/monitor/dbt_project']' is 3141
2024-04-29 16:52:14 â€” INFO â€” Running dbt --log-format json run-operation elementary.log_macro_results --args {"macro_name": "elementary_cli.get_nodes_depends_on_nodes", "macro_args": {"exclude_elementary": true}} --project-dir /Users/edoardosezzi/Desktop/habacus/dwh-pipeline-dbt/venv-dbt/lib/python3.9/site-packages/elementary/monitor/dbt_project
2024-04-29 16:52:18 â€” DEBUG â€” Result bytes size for command '['dbt', '--log-format', 'json', 'run-operation', 'elementary.log_macro_results', '--args', '{"macro_name": "elementary_cli.get_nodes_depends_on_nodes", "macro_args": {"exclude_elementary": true}}', '--project-dir', '/Users/edoardosezzi/Desktop/habacus/dwh-pipeline-dbt/venv-dbt/lib/python3.9/site-packages/elementary/monitor/dbt_project']' is 4395
2024-04-29 16:52:18 â€” INFO â€” Running dbt --log-format json run-operation elementary.log_macro_results --args {"macro_name": "elementary_cli.get_models_latest_invocation", "macro_args": {}} --project-dir /Users/edoardosezzi/Desktop/habacus/dwh-pipeline-dbt/venv-dbt/lib/python3.9/site-packages/elementary/monitor/dbt_project
2024-04-29 16:52:22 â€” DEBUG â€” Result bytes size for command '['dbt', '--log-format', 'json', 'run-operation', 'elementary.log_macro_results', '--args', '{"macro_name": "elementary_cli.get_models_latest_invocation", "macro_args": {}}', '--project-dir', '/Users/edoardosezzi/Desktop/habacus/dwh-pipeline-dbt/venv-dbt/lib/python3.9/site-packages/elementary/monitor/dbt_project']' is 9637
2024-04-29 16:52:22 â€” INFO â€” Running dbt --log-format json run-operation elementary.log_macro_results --args {"macro_name": "elementary_cli.get_models_latest_invocations_data", "macro_args": {}} --project-dir /Users/edoardosezzi/Desktop/habacus/dwh-pipeline-dbt/venv-dbt/lib/python3.9/site-packages/elementary/monitor/dbt_project
2024-04-29 16:52:26 â€” DEBUG â€” Result bytes size for command '['dbt', '--log-format', 'json', 'run-operation', 'elementary.log_macro_results', '--args', '{"macro_name": "elementary_cli.get_models_latest_invocations_data", "macro_args": {}}', '--project-dir', '/Users/edoardosezzi/Desktop/habacus/dwh-pipeline-dbt/venv-dbt/lib/python3.9/site-packages/elementary/monitor/dbt_project']' is 2239
2024-05-16 11:50:53 â€” INFO â€” Running with edr=0.14.1
2024-05-16 11:50:53 â€” DEBUG â€” Running dbt --log-format json run-operation elementary.log_macro_results --args {"macro_name": "elementary_cli.get_latest_invocation", "macro_args": {}} --project-dir /Users/edoardosezzi/Desktop/habacus/dwh-pipeline-dbt/venv-dbt/lib/python3.9/site-packages/elementary/monitor/dbt_project
2024-05-16 11:51:00 â€” DEBUG â€” Result bytes size for command '['dbt', '--log-format', 'json', 'run-operation', 'elementary.log_macro_results', '--args', '{"macro_name": "elementary_cli.get_latest_invocation", "macro_args": {}}', '--project-dir', '/Users/edoardosezzi/Desktop/habacus/dwh-pipeline-dbt/venv-dbt/lib/python3.9/site-packages/elementary/monitor/dbt_project']' is 4218
2024-05-16 11:51:00 â€” DEBUG â€” Running dbt --log-format json run-operation elementary.log_macro_results --args {"macro_name": "elementary_cli.get_adapter_type_and_unique_id", "macro_args": {}} --project-dir /Users/edoardosezzi/Desktop/habacus/dwh-pipeline-dbt/venv-dbt/lib/python3.9/site-packages/elementary/monitor/dbt_project
2024-05-16 11:51:02 â€” DEBUG â€” Result bytes size for command '['dbt', '--log-format', 'json', 'run-operation', 'elementary.log_macro_results', '--args', '{"macro_name": "elementary_cli.get_adapter_type_and_unique_id", "macro_args": {}}', '--project-dir', '/Users/edoardosezzi/Desktop/habacus/dwh-pipeline-dbt/venv-dbt/lib/python3.9/site-packages/elementary/monitor/dbt_project']' is 1899
2024-05-16 11:51:02 â€” INFO â€” edr (0.14.1) and Elementary's dbt package (0.14.1) are compatible.
2024-05-16 11:51:02 â€” DEBUG â€” Running dbt --log-format json run-operation elementary.log_macro_results --args {"macro_name": "elementary_cli.get_elementary_database_and_schema", "macro_args": {}} --project-dir /Users/edoardosezzi/Desktop/habacus/dwh-pipeline-dbt/venv-dbt/lib/python3.9/site-packages/elementary/monitor/dbt_project
2024-05-16 11:51:05 â€” DEBUG â€” Result bytes size for command '['dbt', '--log-format', 'json', 'run-operation', 'elementary.log_macro_results', '--args', '{"macro_name": "elementary_cli.get_elementary_database_and_schema", "macro_args": {}}', '--project-dir', '/Users/edoardosezzi/Desktop/habacus/dwh-pipeline-dbt/venv-dbt/lib/python3.9/site-packages/elementary/monitor/dbt_project']' is 1899
2024-05-16 11:51:05 â€” INFO â€” Elementary's database and schema: '"habacus-dwh-prod-eu-001.habacus_curated"'
2024-05-16 11:51:05 â€” INFO â€” Running dbt --log-format json run-operation elementary.log_macro_results --args {"macro_name": "elementary_cli.get_test_results", "macro_args": {"days_back": 7, "invocations_per_test": 720, "disable_passed_test_metrics": false}} --project-dir /Users/edoardosezzi/Desktop/habacus/dwh-pipeline-dbt/venv-dbt/lib/python3.9/site-packages/elementary/monitor/dbt_project
2024-05-16 11:51:10 â€” DEBUG â€” Result bytes size for command '['dbt', '--log-format', 'json', 'run-operation', 'elementary.log_macro_results', '--args', '{"macro_name": "elementary_cli.get_test_results", "macro_args": {"days_back": 7, "invocations_per_test": 720, "disable_passed_test_metrics": false}}', '--project-dir', '/Users/edoardosezzi/Desktop/habacus/dwh-pipeline-dbt/venv-dbt/lib/python3.9/site-packages/elementary/monitor/dbt_project']' is 1817
2024-05-16 11:51:10 â€” INFO â€” Running dbt --log-format json run-operation elementary.log_macro_results --args {"macro_name": "elementary_cli.get_source_freshness_results", "macro_args": {"days_back": 7, "invocations_per_test": 720}} --project-dir /Users/edoardosezzi/Desktop/habacus/dwh-pipeline-dbt/venv-dbt/lib/python3.9/site-packages/elementary/monitor/dbt_project
2024-05-16 11:51:15 â€” DEBUG â€” Result bytes size for command '['dbt', '--log-format', 'json', 'run-operation', 'elementary.log_macro_results', '--args', '{"macro_name": "elementary_cli.get_source_freshness_results", "macro_args": {"days_back": 7, "invocations_per_test": 720}}', '--project-dir', '/Users/edoardosezzi/Desktop/habacus/dwh-pipeline-dbt/venv-dbt/lib/python3.9/site-packages/elementary/monitor/dbt_project']' is 1817
2024-05-16 11:51:15 â€” INFO â€” Running dbt --log-format json run-operation elementary.log_macro_results --args {"macro_name": "elementary_cli.get_models", "macro_args": {"exclude_elementary": true}} --project-dir /Users/edoardosezzi/Desktop/habacus/dwh-pipeline-dbt/venv-dbt/lib/python3.9/site-packages/elementary/monitor/dbt_project
2024-05-16 11:51:19 â€” DEBUG â€” Result bytes size for command '['dbt', '--log-format', 'json', 'run-operation', 'elementary.log_macro_results', '--args', '{"macro_name": "elementary_cli.get_models", "macro_args": {"exclude_elementary": true}}', '--project-dir', '/Users/edoardosezzi/Desktop/habacus/dwh-pipeline-dbt/venv-dbt/lib/python3.9/site-packages/elementary/monitor/dbt_project']' is 4549
2024-05-16 11:51:19 â€” INFO â€” Running dbt --log-format json run-operation elementary.log_macro_results --args {"macro_name": "elementary_cli.get_sources", "macro_args": {}} --project-dir /Users/edoardosezzi/Desktop/habacus/dwh-pipeline-dbt/venv-dbt/lib/python3.9/site-packages/elementary/monitor/dbt_project
2024-05-16 11:51:23 â€” DEBUG â€” Result bytes size for command '['dbt', '--log-format', 'json', 'run-operation', 'elementary.log_macro_results', '--args', '{"macro_name": "elementary_cli.get_sources", "macro_args": {}}', '--project-dir', '/Users/edoardosezzi/Desktop/habacus/dwh-pipeline-dbt/venv-dbt/lib/python3.9/site-packages/elementary/monitor/dbt_project']' is 5755
2024-05-16 11:51:23 â€” INFO â€” Running dbt --log-format json run-operation elementary.log_macro_results --args {"macro_name": "elementary_cli.get_exposures", "macro_args": {}} --project-dir /Users/edoardosezzi/Desktop/habacus/dwh-pipeline-dbt/venv-dbt/lib/python3.9/site-packages/elementary/monitor/dbt_project
2024-05-16 11:51:28 â€” DEBUG â€” Result bytes size for command '['dbt', '--log-format', 'json', 'run-operation', 'elementary.log_macro_results', '--args', '{"macro_name": "elementary_cli.get_exposures", "macro_args": {}}', '--project-dir', '/Users/edoardosezzi/Desktop/habacus/dwh-pipeline-dbt/venv-dbt/lib/python3.9/site-packages/elementary/monitor/dbt_project']' is 1817
2024-05-16 11:51:28 â€” INFO â€” Running dbt --log-format json run-operation elementary.log_macro_results --args {"macro_name": "elementary_cli.get_models_runs", "macro_args": {"days_back": 7, "exclude_elementary": true}} --project-dir /Users/edoardosezzi/Desktop/habacus/dwh-pipeline-dbt/venv-dbt/lib/python3.9/site-packages/elementary/monitor/dbt_project
2024-05-16 11:51:31 â€” DEBUG â€” Result bytes size for command '['dbt', '--log-format', 'json', 'run-operation', 'elementary.log_macro_results', '--args', '{"macro_name": "elementary_cli.get_models_runs", "macro_args": {"days_back": 7, "exclude_elementary": true}}', '--project-dir', '/Users/edoardosezzi/Desktop/habacus/dwh-pipeline-dbt/venv-dbt/lib/python3.9/site-packages/elementary/monitor/dbt_project']' is 7525
2024-05-16 11:51:31 â€” INFO â€” Running dbt --log-format json run-operation elementary.log_macro_results --args {"macro_name": "elementary_cli.get_dbt_models_test_coverage", "macro_args": {}} --project-dir /Users/edoardosezzi/Desktop/habacus/dwh-pipeline-dbt/venv-dbt/lib/python3.9/site-packages/elementary/monitor/dbt_project
2024-05-16 11:51:35 â€” DEBUG â€” Result bytes size for command '['dbt', '--log-format', 'json', 'run-operation', 'elementary.log_macro_results', '--args', '{"macro_name": "elementary_cli.get_dbt_models_test_coverage", "macro_args": {}}', '--project-dir', '/Users/edoardosezzi/Desktop/habacus/dwh-pipeline-dbt/venv-dbt/lib/python3.9/site-packages/elementary/monitor/dbt_project']' is 3141
2024-05-16 11:51:35 â€” INFO â€” Running dbt --log-format json run-operation elementary.log_macro_results --args {"macro_name": "elementary_cli.get_nodes_depends_on_nodes", "macro_args": {"exclude_elementary": true}} --project-dir /Users/edoardosezzi/Desktop/habacus/dwh-pipeline-dbt/venv-dbt/lib/python3.9/site-packages/elementary/monitor/dbt_project
2024-05-16 11:51:39 â€” DEBUG â€” Result bytes size for command '['dbt', '--log-format', 'json', 'run-operation', 'elementary.log_macro_results', '--args', '{"macro_name": "elementary_cli.get_nodes_depends_on_nodes", "macro_args": {"exclude_elementary": true}}', '--project-dir', '/Users/edoardosezzi/Desktop/habacus/dwh-pipeline-dbt/venv-dbt/lib/python3.9/site-packages/elementary/monitor/dbt_project']' is 4395
2024-05-16 11:51:39 â€” INFO â€” Running dbt --log-format json run-operation elementary.log_macro_results --args {"macro_name": "elementary_cli.get_models_latest_invocation", "macro_args": {}} --project-dir /Users/edoardosezzi/Desktop/habacus/dwh-pipeline-dbt/venv-dbt/lib/python3.9/site-packages/elementary/monitor/dbt_project
2024-05-16 11:51:43 â€” DEBUG â€” Result bytes size for command '['dbt', '--log-format', 'json', 'run-operation', 'elementary.log_macro_results', '--args', '{"macro_name": "elementary_cli.get_models_latest_invocation", "macro_args": {}}', '--project-dir', '/Users/edoardosezzi/Desktop/habacus/dwh-pipeline-dbt/venv-dbt/lib/python3.9/site-packages/elementary/monitor/dbt_project']' is 9637
2024-05-16 11:51:43 â€” INFO â€” Running dbt --log-format json run-operation elementary.log_macro_results --args {"macro_name": "elementary_cli.get_models_latest_invocations_data", "macro_args": {}} --project-dir /Users/edoardosezzi/Desktop/habacus/dwh-pipeline-dbt/venv-dbt/lib/python3.9/site-packages/elementary/monitor/dbt_project
2024-05-16 11:51:47 â€” DEBUG â€” Result bytes size for command '['dbt', '--log-format', 'json', 'run-operation', 'elementary.log_macro_results', '--args', '{"macro_name": "elementary_cli.get_models_latest_invocations_data", "macro_args": {}}', '--project-dir', '/Users/edoardosezzi/Desktop/habacus/dwh-pipeline-dbt/venv-dbt/lib/python3.9/site-packages/elementary/monitor/dbt_project']' is 2665
2024-05-16 13:39:52 â€” INFO â€” Running with edr=0.14.1
2024-05-16 13:39:52 â€” DEBUG â€” Running dbt --log-format json run-operation elementary.log_macro_results --args {"macro_name": "elementary_cli.get_latest_invocation", "macro_args": {}} --project-dir /Users/edoardosezzi/Desktop/habacus/dwh-pipeline-dbt/venv-dbt/lib/python3.9/site-packages/elementary/monitor/dbt_project
2024-05-16 13:39:57 â€” DEBUG â€” Result bytes size for command '['dbt', '--log-format', 'json', 'run-operation', 'elementary.log_macro_results', '--args', '{"macro_name": "elementary_cli.get_latest_invocation", "macro_args": {}}', '--project-dir', '/Users/edoardosezzi/Desktop/habacus/dwh-pipeline-dbt/venv-dbt/lib/python3.9/site-packages/elementary/monitor/dbt_project']' is 3873
2024-05-16 13:39:57 â€” DEBUG â€” Running dbt --log-format json run-operation elementary.log_macro_results --args {"macro_name": "elementary_cli.get_adapter_type_and_unique_id", "macro_args": {}} --project-dir /Users/edoardosezzi/Desktop/habacus/dwh-pipeline-dbt/venv-dbt/lib/python3.9/site-packages/elementary/monitor/dbt_project
2024-05-16 13:39:59 â€” DEBUG â€” Result bytes size for command '['dbt', '--log-format', 'json', 'run-operation', 'elementary.log_macro_results', '--args', '{"macro_name": "elementary_cli.get_adapter_type_and_unique_id", "macro_args": {}}', '--project-dir', '/Users/edoardosezzi/Desktop/habacus/dwh-pipeline-dbt/venv-dbt/lib/python3.9/site-packages/elementary/monitor/dbt_project']' is 1899
2024-05-16 13:39:59 â€” INFO â€” edr (0.14.1) and Elementary's dbt package (0.14.1) are compatible.
2024-05-16 13:39:59 â€” DEBUG â€” Running dbt --log-format json run-operation elementary.log_macro_results --args {"macro_name": "elementary_cli.get_elementary_database_and_schema", "macro_args": {}} --project-dir /Users/edoardosezzi/Desktop/habacus/dwh-pipeline-dbt/venv-dbt/lib/python3.9/site-packages/elementary/monitor/dbt_project
2024-05-16 13:40:01 â€” DEBUG â€” Result bytes size for command '['dbt', '--log-format', 'json', 'run-operation', 'elementary.log_macro_results', '--args', '{"macro_name": "elementary_cli.get_elementary_database_and_schema", "macro_args": {}}', '--project-dir', '/Users/edoardosezzi/Desktop/habacus/dwh-pipeline-dbt/venv-dbt/lib/python3.9/site-packages/elementary/monitor/dbt_project']' is 1899
2024-05-16 13:40:01 â€” INFO â€” Elementary's database and schema: '"habacus-dwh-prod-eu-001.habacus_curated"'
2024-05-16 13:40:01 â€” INFO â€” Running dbt --log-format json run-operation elementary.log_macro_results --args {"macro_name": "elementary_cli.get_test_results", "macro_args": {"days_back": 7, "invocations_per_test": 720, "disable_passed_test_metrics": false}} --project-dir /Users/edoardosezzi/Desktop/habacus/dwh-pipeline-dbt/venv-dbt/lib/python3.9/site-packages/elementary/monitor/dbt_project
2024-05-16 13:40:06 â€” DEBUG â€” Result bytes size for command '['dbt', '--log-format', 'json', 'run-operation', 'elementary.log_macro_results', '--args', '{"macro_name": "elementary_cli.get_test_results", "macro_args": {"days_back": 7, "invocations_per_test": 720, "disable_passed_test_metrics": false}}', '--project-dir', '/Users/edoardosezzi/Desktop/habacus/dwh-pipeline-dbt/venv-dbt/lib/python3.9/site-packages/elementary/monitor/dbt_project']' is 40823
2024-05-16 13:40:06 â€” INFO â€” Running dbt --log-format json run-operation elementary.log_macro_results --args {"macro_name": "elementary_cli.get_source_freshness_results", "macro_args": {"days_back": 7, "invocations_per_test": 720}} --project-dir /Users/edoardosezzi/Desktop/habacus/dwh-pipeline-dbt/venv-dbt/lib/python3.9/site-packages/elementary/monitor/dbt_project
2024-05-16 13:40:11 â€” DEBUG â€” Result bytes size for command '['dbt', '--log-format', 'json', 'run-operation', 'elementary.log_macro_results', '--args', '{"macro_name": "elementary_cli.get_source_freshness_results", "macro_args": {"days_back": 7, "invocations_per_test": 720}}', '--project-dir', '/Users/edoardosezzi/Desktop/habacus/dwh-pipeline-dbt/venv-dbt/lib/python3.9/site-packages/elementary/monitor/dbt_project']' is 1817
2024-05-16 13:40:11 â€” INFO â€” Running dbt --log-format json run-operation elementary.log_macro_results --args {"macro_name": "elementary_cli.get_models", "macro_args": {"exclude_elementary": true}} --project-dir /Users/edoardosezzi/Desktop/habacus/dwh-pipeline-dbt/venv-dbt/lib/python3.9/site-packages/elementary/monitor/dbt_project
2024-05-16 13:40:15 â€” DEBUG â€” Result bytes size for command '['dbt', '--log-format', 'json', 'run-operation', 'elementary.log_macro_results', '--args', '{"macro_name": "elementary_cli.get_models", "macro_args": {"exclude_elementary": true}}', '--project-dir', '/Users/edoardosezzi/Desktop/habacus/dwh-pipeline-dbt/venv-dbt/lib/python3.9/site-packages/elementary/monitor/dbt_project']' is 4549
2024-05-16 13:40:15 â€” INFO â€” Running dbt --log-format json run-operation elementary.log_macro_results --args {"macro_name": "elementary_cli.get_sources", "macro_args": {}} --project-dir /Users/edoardosezzi/Desktop/habacus/dwh-pipeline-dbt/venv-dbt/lib/python3.9/site-packages/elementary/monitor/dbt_project
2024-05-16 13:40:18 â€” DEBUG â€” Result bytes size for command '['dbt', '--log-format', 'json', 'run-operation', 'elementary.log_macro_results', '--args', '{"macro_name": "elementary_cli.get_sources", "macro_args": {}}', '--project-dir', '/Users/edoardosezzi/Desktop/habacus/dwh-pipeline-dbt/venv-dbt/lib/python3.9/site-packages/elementary/monitor/dbt_project']' is 5755
2024-05-16 13:40:18 â€” INFO â€” Running dbt --log-format json run-operation elementary.log_macro_results --args {"macro_name": "elementary_cli.get_exposures", "macro_args": {}} --project-dir /Users/edoardosezzi/Desktop/habacus/dwh-pipeline-dbt/venv-dbt/lib/python3.9/site-packages/elementary/monitor/dbt_project
2024-05-16 13:40:22 â€” DEBUG â€” Result bytes size for command '['dbt', '--log-format', 'json', 'run-operation', 'elementary.log_macro_results', '--args', '{"macro_name": "elementary_cli.get_exposures", "macro_args": {}}', '--project-dir', '/Users/edoardosezzi/Desktop/habacus/dwh-pipeline-dbt/venv-dbt/lib/python3.9/site-packages/elementary/monitor/dbt_project']' is 1817
2024-05-16 13:40:22 â€” INFO â€” Running dbt --log-format json run-operation elementary.log_macro_results --args {"macro_name": "elementary_cli.get_models_runs", "macro_args": {"days_back": 7, "exclude_elementary": true}} --project-dir /Users/edoardosezzi/Desktop/habacus/dwh-pipeline-dbt/venv-dbt/lib/python3.9/site-packages/elementary/monitor/dbt_project
2024-05-16 13:40:26 â€” DEBUG â€” Result bytes size for command '['dbt', '--log-format', 'json', 'run-operation', 'elementary.log_macro_results', '--args', '{"macro_name": "elementary_cli.get_models_runs", "macro_args": {"days_back": 7, "exclude_elementary": true}}', '--project-dir', '/Users/edoardosezzi/Desktop/habacus/dwh-pipeline-dbt/venv-dbt/lib/python3.9/site-packages/elementary/monitor/dbt_project']' is 7525
2024-05-16 13:40:26 â€” INFO â€” Running dbt --log-format json run-operation elementary.log_macro_results --args {"macro_name": "elementary_cli.get_dbt_models_test_coverage", "macro_args": {}} --project-dir /Users/edoardosezzi/Desktop/habacus/dwh-pipeline-dbt/venv-dbt/lib/python3.9/site-packages/elementary/monitor/dbt_project
2024-05-16 13:40:30 â€” DEBUG â€” Result bytes size for command '['dbt', '--log-format', 'json', 'run-operation', 'elementary.log_macro_results', '--args', '{"macro_name": "elementary_cli.get_dbt_models_test_coverage", "macro_args": {}}', '--project-dir', '/Users/edoardosezzi/Desktop/habacus/dwh-pipeline-dbt/venv-dbt/lib/python3.9/site-packages/elementary/monitor/dbt_project']' is 3141
2024-05-16 13:40:30 â€” INFO â€” Running dbt --log-format json run-operation elementary.log_macro_results --args {"macro_name": "elementary_cli.get_nodes_depends_on_nodes", "macro_args": {"exclude_elementary": true}} --project-dir /Users/edoardosezzi/Desktop/habacus/dwh-pipeline-dbt/venv-dbt/lib/python3.9/site-packages/elementary/monitor/dbt_project
2024-05-16 13:40:34 â€” DEBUG â€” Result bytes size for command '['dbt', '--log-format', 'json', 'run-operation', 'elementary.log_macro_results', '--args', '{"macro_name": "elementary_cli.get_nodes_depends_on_nodes", "macro_args": {"exclude_elementary": true}}', '--project-dir', '/Users/edoardosezzi/Desktop/habacus/dwh-pipeline-dbt/venv-dbt/lib/python3.9/site-packages/elementary/monitor/dbt_project']' is 4395
2024-05-16 13:40:34 â€” INFO â€” Running dbt --log-format json run-operation elementary.log_macro_results --args {"macro_name": "elementary_cli.get_models_latest_invocation", "macro_args": {}} --project-dir /Users/edoardosezzi/Desktop/habacus/dwh-pipeline-dbt/venv-dbt/lib/python3.9/site-packages/elementary/monitor/dbt_project
2024-05-16 13:40:37 â€” DEBUG â€” Result bytes size for command '['dbt', '--log-format', 'json', 'run-operation', 'elementary.log_macro_results', '--args', '{"macro_name": "elementary_cli.get_models_latest_invocation", "macro_args": {}}', '--project-dir', '/Users/edoardosezzi/Desktop/habacus/dwh-pipeline-dbt/venv-dbt/lib/python3.9/site-packages/elementary/monitor/dbt_project']' is 9637
2024-05-16 13:40:37 â€” INFO â€” Running dbt --log-format json run-operation elementary.log_macro_results --args {"macro_name": "elementary_cli.get_models_latest_invocations_data", "macro_args": {}} --project-dir /Users/edoardosezzi/Desktop/habacus/dwh-pipeline-dbt/venv-dbt/lib/python3.9/site-packages/elementary/monitor/dbt_project
2024-05-16 13:40:41 â€” DEBUG â€” Result bytes size for command '['dbt', '--log-format', 'json', 'run-operation', 'elementary.log_macro_results', '--args', '{"macro_name": "elementary_cli.get_models_latest_invocations_data", "macro_args": {}}', '--project-dir', '/Users/edoardosezzi/Desktop/habacus/dwh-pipeline-dbt/venv-dbt/lib/python3.9/site-packages/elementary/monitor/dbt_project']' is 2665
